<<<<<<< HEAD
2024-07-10 05:47:12,646 [INFO] journey: Fetching details for job ID: 66
2024-07-10 05:47:12,649 [INFO] journey: Fetching candidate statuses for status: In Process
2024-07-10 05:47:12,652 [INFO] journey: Fetching journey events for journey ID: 27
2024-07-10 05:47:12,654 [INFO] journey: Fetching status counts for journey event ID: 61
2024-07-10 05:47:12,657 [INFO] journey: Fetching status counts for journey event ID: 62
2024-07-10 05:47:12,660 [INFO] journey: Successfully fetched data for job ID: 66
2024-07-10 06:19:53,778 [INFO] journey: Journeys retrieved successfully.
2024-07-10 06:52:26,816 [INFO] journey: Fetching details for job ID: 2
2024-07-10 06:52:26,818 [INFO] journey: Fetching candidate statuses for status: Rejected
2024-07-10 06:52:26,820 [INFO] journey: Fetching journey events for journey ID: None
2024-07-10 06:52:26,822 [INFO] journey: Successfully fetched data for job ID: 2
2024-07-10 06:53:06,374 [INFO] journey: Fetching details for job ID: 66
2024-07-10 06:53:06,377 [INFO] journey: Fetching candidate statuses for status: In Process
2024-07-10 06:53:06,379 [INFO] journey: Fetching journey events for journey ID: 27
2024-07-10 06:53:06,381 [INFO] journey: Fetching status counts for journey event ID: 61
2024-07-10 06:53:06,384 [INFO] journey: Fetching status counts for journey event ID: 62
2024-07-10 06:53:06,388 [INFO] journey: Successfully fetched data for job ID: 66
2024-07-10 06:53:08,348 [INFO] journey: Fetching candidate IDs for status_id: 89, journey_id: 27, journey_event_id: 62, job_id: 66
2024-07-10 06:53:08,353 [INFO] journey: Successfully fetched candidate data
2024-07-10 07:36:00,878 [INFO] journey: Fetching details for job ID: 2
2024-07-10 07:36:00,881 [INFO] journey: Fetching candidate statuses for status: In Process
2024-07-10 07:36:00,884 [INFO] journey: Fetching journey events for journey ID: None
2024-07-10 07:36:00,887 [INFO] journey: Successfully fetched data for job ID: 2
2024-07-10 07:40:06,824 [INFO] journey: Fetching details for job ID: 2
2024-07-10 07:40:06,826 [INFO] journey: Fetching candidate statuses for status: In Process
2024-07-10 07:40:06,828 [INFO] journey: Fetching journey events for journey ID: None
2024-07-10 07:40:06,834 [INFO] journey: Successfully fetched data for job ID: 2
2024-07-10 07:40:41,859 [INFO] journey: Fetching details for job ID: 2
2024-07-10 07:40:41,861 [INFO] journey: Fetching candidate statuses for status: In Process
2024-07-10 07:40:41,864 [INFO] journey: Fetching journey events for journey ID: None
2024-07-10 07:40:41,866 [INFO] journey: Successfully fetched data for job ID: 2
2024-07-10 07:41:15,135 [INFO] journey: Fetching details for job ID: 2
2024-07-10 07:41:15,137 [INFO] journey: Fetching candidate statuses for status: In Process
2024-07-10 07:41:15,140 [INFO] journey: Fetching journey events for journey ID: None
2024-07-10 07:41:15,142 [INFO] journey: Successfully fetched data for job ID: 2
2024-07-10 07:43:34,869 [ERROR] journey: Validation error: {'status_id': ['A valid integer is required.'], 'journey_id': ['A valid integer is required.'], 'journey_event_id': ['A valid integer is required.']}
2024-07-10 07:43:54,454 [INFO] journey: Fetching details for job ID: 2
2024-07-10 07:43:54,456 [INFO] journey: Fetching candidate statuses for status: In Process
2024-07-10 07:43:54,459 [INFO] journey: Fetching journey events for journey ID: None
2024-07-10 07:43:54,462 [INFO] journey: Successfully fetched data for job ID: 2
2024-07-10 07:43:56,002 [INFO] journey: Fetching details for job ID: 2
2024-07-10 07:43:56,004 [INFO] journey: Fetching candidate statuses for status: In Process
2024-07-10 07:43:56,007 [INFO] journey: Fetching journey events for journey ID: None
2024-07-10 07:43:56,009 [INFO] journey: Successfully fetched data for job ID: 2
2024-07-10 07:43:56,523 [INFO] journey: Fetching details for job ID: 2
2024-07-10 07:43:56,525 [INFO] journey: Fetching candidate statuses for status: In Process
2024-07-10 07:43:56,527 [INFO] journey: Fetching journey events for journey ID: None
2024-07-10 07:43:56,529 [INFO] journey: Successfully fetched data for job ID: 2
2024-07-10 07:44:06,743 [INFO] journey: Fetching details for job ID: 2
2024-07-10 07:44:06,745 [INFO] journey: Fetching candidate statuses for status: In Process
2024-07-10 07:44:06,747 [INFO] journey: Fetching journey events for journey ID: None
2024-07-10 07:44:06,749 [INFO] journey: Successfully fetched data for job ID: 2
2024-07-10 07:44:11,138 [INFO] journey: Fetching details for job ID: 2
2024-07-10 07:44:11,140 [INFO] journey: Fetching candidate statuses for status: In Process
2024-07-10 07:44:11,142 [INFO] journey: Fetching journey events for journey ID: None
2024-07-10 07:44:11,144 [INFO] journey: Successfully fetched data for job ID: 2
2024-07-10 07:45:49,864 [INFO] journey: Fetching details for job ID: 2
2024-07-10 07:45:49,867 [INFO] journey: Fetching candidate statuses for status: In Process
2024-07-10 07:45:49,869 [INFO] journey: Fetching journey events for journey ID: None
2024-07-10 07:45:49,872 [INFO] journey: Successfully fetched data for job ID: 2
2024-07-10 07:46:26,757 [INFO] journey: Fetching details for job ID: 2
2024-07-10 07:46:26,759 [INFO] journey: Fetching candidate statuses for status: In Process
2024-07-10 07:46:26,762 [INFO] journey: Fetching journey events for journey ID: None
2024-07-10 07:46:26,764 [INFO] journey: Successfully fetched data for job ID: 2
2024-07-10 07:50:17,751 [INFO] journey: Fetching details for job ID: 2
2024-07-10 07:50:17,753 [INFO] journey: Fetching candidate statuses for status: In Process
2024-07-10 07:50:17,757 [INFO] journey: Fetching journey events for journey ID: None
2024-07-10 07:50:17,758 [INFO] journey: Successfully fetched data for job ID: 2
2024-07-10 07:50:52,622 [INFO] journey: Fetching details for job ID: 2
2024-07-10 07:50:52,624 [INFO] journey: Fetching candidate statuses for status: In Process
2024-07-10 07:50:52,627 [INFO] journey: Fetching journey events for journey ID: None
2024-07-10 07:50:52,629 [INFO] journey: Successfully fetched data for job ID: 2
2024-07-10 07:52:44,898 [INFO] journey: Fetching details for job ID: 2
2024-07-10 07:52:44,900 [INFO] journey: Fetching candidate statuses for status: In Process
2024-07-10 07:52:44,902 [INFO] journey: Fetching journey events for journey ID: None
2024-07-10 07:52:44,904 [INFO] journey: Successfully fetched data for job ID: 2
2024-07-10 07:56:41,263 [INFO] journey: Fetching details for job ID: 2
2024-07-10 07:56:41,266 [INFO] journey: Fetching candidate statuses for status: In Process
2024-07-10 07:56:41,269 [INFO] journey: Fetching journey events for journey ID: None
2024-07-10 07:56:41,271 [INFO] journey: Successfully fetched data for job ID: 2
2024-07-10 07:57:24,939 [INFO] journey: Fetching details for job ID: 66
2024-07-10 07:57:24,941 [INFO] journey: Fetching candidate statuses for status: In Process
2024-07-10 07:57:24,943 [INFO] journey: Fetching journey events for journey ID: 27
2024-07-10 07:57:24,945 [INFO] journey: Fetching status counts for journey event ID: 61
2024-07-10 07:57:24,948 [INFO] journey: Fetching status counts for journey event ID: 62
2024-07-10 07:57:24,952 [INFO] journey: Successfully fetched data for job ID: 66
2024-07-10 07:57:29,602 [INFO] journey: Fetching candidate IDs for status_id: 89, journey_id: 27, journey_event_id: 62, job_id: 66
2024-07-10 07:57:29,608 [INFO] journey: Successfully fetched candidate data
2024-07-10 07:57:41,308 [INFO] journey: Fetching candidate IDs for status_id: 89, journey_id: 27, journey_event_id: 62, job_id: 66
2024-07-10 07:57:41,314 [INFO] journey: Successfully fetched candidate data
2024-07-10 08:34:04,446 [INFO] journey: Fetching details for job ID: 2
2024-07-10 08:34:04,448 [INFO] journey: Fetching candidate statuses for status: In Process
2024-07-10 08:34:04,450 [INFO] journey: Fetching journey events for journey ID: None
2024-07-10 08:34:04,453 [INFO] journey: Successfully fetched data for job ID: 2
2024-07-10 08:34:06,985 [INFO] journey: Fetching details for job ID: 2
2024-07-10 08:34:06,987 [INFO] journey: Fetching candidate statuses for status: In Process
2024-07-10 08:34:06,989 [INFO] journey: Fetching journey events for journey ID: None
2024-07-10 08:34:06,991 [INFO] journey: Successfully fetched data for job ID: 2
2024-07-10 09:16:05,691 [ERROR] journey: Validation error: {'status_id': ['A valid integer is required.'], 'journey_id': ['A valid integer is required.'], 'journey_event_id': ['A valid integer is required.']}
2024-07-10 09:17:28,728 [ERROR] journey: Validation error: {'status_id': ['A valid integer is required.'], 'journey_id': ['A valid integer is required.'], 'journey_event_id': ['A valid integer is required.']}
2024-07-10 09:17:44,171 [INFO] journey: Fetching details for job ID: 2
2024-07-10 09:17:44,173 [INFO] journey: Fetching candidate statuses for status: In Process
2024-07-10 09:17:44,175 [INFO] journey: Fetching journey events for journey ID: None
2024-07-10 09:17:44,177 [INFO] journey: Successfully fetched data for job ID: 2
2024-07-10 09:21:38,143 [ERROR] journey: Validation error: {'status_id': ['A valid integer is required.'], 'journey_id': ['A valid integer is required.'], 'journey_event_id': ['A valid integer is required.']}
2024-07-10 09:29:09,751 [INFO] journey: Fetching details for job ID: 2
2024-07-10 09:29:09,753 [INFO] journey: Fetching candidate statuses for status: In Process
2024-07-10 09:29:09,755 [INFO] journey: Fetching journey events for journey ID: None
2024-07-10 09:29:09,758 [INFO] journey: Successfully fetched data for job ID: 2
2024-07-10 09:45:40,199 [INFO] journey: Fetching details for job ID: 2
2024-07-10 09:45:40,202 [INFO] journey: Fetching candidate statuses for status: In Process
2024-07-10 09:45:40,204 [INFO] journey: Fetching journey events for journey ID: None
2024-07-10 09:45:40,206 [INFO] journey: Successfully fetched data for job ID: 2
2024-07-10 09:55:53,609 [ERROR] journey: Validation error: {'status_id': ['A valid integer is required.'], 'journey_id': ['A valid integer is required.'], 'journey_event_id': ['A valid integer is required.']}
2024-07-10 09:56:01,981 [INFO] journey: Fetching details for job ID: 2
2024-07-10 09:56:01,983 [INFO] journey: Fetching candidate statuses for status: In Process
2024-07-10 09:56:01,986 [INFO] journey: Fetching journey events for journey ID: None
2024-07-10 09:56:01,988 [INFO] journey: Successfully fetched data for job ID: 2
2024-07-10 10:00:30,651 [ERROR] journey: Validation error: {'status_id': ['A valid integer is required.'], 'journey_id': ['A valid integer is required.'], 'journey_event_id': ['A valid integer is required.']}
2024-07-10 10:01:09,049 [INFO] journey: Fetching details for job ID: 2
2024-07-10 10:01:09,052 [INFO] journey: Fetching candidate statuses for status: In Process
2024-07-10 10:01:09,056 [INFO] journey: Fetching journey events for journey ID: None
2024-07-10 10:01:09,057 [INFO] journey: Successfully fetched data for job ID: 2
2024-07-10 10:01:18,702 [INFO] journey: Fetching details for job ID: 2
2024-07-10 10:01:18,704 [INFO] journey: Fetching candidate statuses for status: Rejected
2024-07-10 10:01:18,705 [INFO] journey: Fetching journey events for journey ID: None
2024-07-10 10:01:18,706 [INFO] journey: Successfully fetched data for job ID: 2
2024-07-10 10:03:11,625 [INFO] journey: Fetching details for job ID: 2
2024-07-10 10:03:11,627 [INFO] journey: Fetching candidate statuses for status: In Process
2024-07-10 10:03:11,629 [INFO] journey: Fetching journey events for journey ID: None
2024-07-10 10:03:11,630 [INFO] journey: Successfully fetched data for job ID: 2
2024-07-10 10:03:25,300 [INFO] journey: Fetching details for job ID: 2
2024-07-10 10:03:25,302 [INFO] journey: Fetching candidate statuses for status: Rejected
2024-07-10 10:03:25,304 [INFO] journey: Fetching journey events for journey ID: None
2024-07-10 10:03:25,307 [INFO] journey: Successfully fetched data for job ID: 2
2024-07-10 10:12:41,267 [INFO] journey: Fetching details for job ID: 2
2024-07-10 10:12:41,268 [INFO] journey: Fetching candidate statuses for status: Rejected
2024-07-10 10:12:41,270 [INFO] journey: Fetching journey events for journey ID: None
2024-07-10 10:12:41,272 [INFO] journey: Successfully fetched data for job ID: 2
2024-07-10 10:13:15,661 [ERROR] journey: Validation error: {'status_id': ['A valid integer is required.'], 'journey_id': ['A valid integer is required.'], 'journey_event_id': ['A valid integer is required.']}
2024-07-10 10:13:59,295 [INFO] journey: Fetching details for job ID: 2
2024-07-10 10:13:59,297 [INFO] journey: Fetching candidate statuses for status: In Process
2024-07-10 10:13:59,299 [INFO] journey: Fetching journey events for journey ID: None
2024-07-10 10:13:59,302 [INFO] journey: Successfully fetched data for job ID: 2
2024-07-10 10:16:29,692 [INFO] journey: Fetching details for job ID: 2
2024-07-10 10:16:29,695 [INFO] journey: Fetching candidate statuses for status: In Process
2024-07-10 10:16:29,697 [INFO] journey: Fetching journey events for journey ID: None
2024-07-10 10:16:29,699 [INFO] journey: Successfully fetched data for job ID: 2
2024-07-10 10:31:21,166 [INFO] journey: Fetching details for job ID: 2
2024-07-10 10:31:21,168 [INFO] journey: Fetching candidate statuses for status: In Process
2024-07-10 10:31:21,171 [INFO] journey: Fetching journey events for journey ID: None
2024-07-10 10:31:21,173 [INFO] journey: Successfully fetched data for job ID: 2
2024-07-10 10:56:10,368 [INFO] journey: Journeys retrieved successfully.
2024-07-10 11:05:09,820 [INFO] journey: Fetching details for job ID: 2
2024-07-10 11:05:09,822 [INFO] journey: Fetching candidate statuses for status: In Process
2024-07-10 11:05:09,824 [INFO] journey: Fetching journey events for journey ID: None
2024-07-10 11:05:09,826 [INFO] journey: Successfully fetched data for job ID: 2
2024-07-10 11:21:42,606 [INFO] journey: Journeys retrieved successfully.
2024-07-10 11:27:41,576 [INFO] journey: Journeys retrieved successfully.
2024-07-10 16:49:28,664 [INFO] journey: Journeys retrieved successfully.
=======
2024-07-09 12:18:55,591 [WARNING] journey: Invalid data provided: {'non_field_errors': [ErrorDetail(string='No interview channel exists for this campaign.', code='invalid')]}
2024-07-09 12:19:29,998 [INFO] journey: Journey event is posted successfully.
2024-07-09 12:21:37,682 [INFO] journey: Processed CheckCampaignInterview request successfully for campaign_id: 1, interview_type: one on one
2024-07-09 12:22:59,054 [WARNING] journey: Invalid data provided: {'non_field_errors': [ErrorDetail(string='No interview channel exists for this campaign.', code='invalid')]}
2024-07-09 12:31:51,994 [WARNING] journey: Invalid data provided: {'non_field_errors': [ErrorDetail(string='No interview channel exists for this campaign.', code='invalid')]}
2024-07-09 12:37:49,156 [INFO] journey: Journey event is posted successfully with managers.
2024-07-09 12:46:58,628 [ERROR] journey: An error occurred: name 'campaign' is not defined
2024-07-09 12:48:07,419 [INFO] journey: Journey event is posted successfully with managers.
2024-07-09 12:50:23,227 [INFO] journey: Journey event is posted successfully with managers.
2024-07-09 12:50:51,025 [WARNING] journey: Invalid data provided: {'non_field_errors': [ErrorDetail(string='No interview channel exists for this campaign.', code='invalid')]}
2024-07-09 12:51:05,427 [ERROR] journey: An error occurred: JSON parse error - Expecting property name enclosed in double quotes: line 13 column 1 (char 281)
2024-07-09 12:51:14,438 [INFO] journey: Journey event is posted successfully with managers.
2024-07-09 16:39:19,654 [ERROR] journey: An error occurred: name 'Max' is not defined
2024-07-09 16:40:11,374 [INFO] journey: Journeys retrieved successfully.
<<<<<<< HEAD
2024-07-09 17:04:20,649 [ERROR] journey: An error occurred: 'WSGIRequest' object has no attribute 'UserData'
2024-07-09 17:06:55,080 [INFO] journey: Fetched 3 segments for application_id: 1
2024-07-09 17:23:53,874 [INFO] journey: Fetched 6 users for application_id: 1
2024-07-09 17:25:28,558 [INFO] journey: Retrieved 5 campaigns for segment_category_id 3.
2024-07-09 17:30:54,950 [WARNING] journey: Invalid data provided: {'user': [ErrorDetail(string='Invalid pk "1" - object does not exist.', code='does_not_exist')]}
<<<<<<< HEAD
2024-07-09 18:24:19,710 [INFO] journey: Fetched 6 users for application_id: 1
2024-07-09 18:32:43,113 [INFO] journey: Journeys retrieved successfully.
2024-07-09 22:04:01,577 [WARNING] journey: Invalid data provided: {'non_field_errors': [ErrorDetail(string='Interview channel exists for this campaign.', code='invalid')]}
2024-07-09 22:04:50,309 [WARNING] journey: Invalid data provided: {'segment_category': [ErrorDetail(string="This field is required for 'Bot Call' interview type.", code='invalid')]}
=======
=======
=======
2024-07-09 10:14:10,480 [INFO] journey: Journeys retrieved successfully.
2024-07-09 10:20:12,101 [INFO] journey: Journeys retrieved successfully.
2024-07-09 10:20:53,632 [INFO] journey: Journeys retrieved successfully.
2024-07-09 10:21:19,089 [INFO] journey: Journeys retrieved successfully.
2024-07-09 10:21:21,641 [INFO] journey: Journeys retrieved successfully.
2024-07-09 10:21:22,987 [INFO] journey: Journeys retrieved successfully.
2024-07-09 10:21:23,769 [INFO] journey: Journeys retrieved successfully.
2024-07-09 10:21:24,509 [INFO] journey: Journeys retrieved successfully.
2024-07-09 10:32:58,797 [INFO] journey: Journeys retrieved successfully.
2024-07-09 10:33:27,593 [INFO] journey: Journeys retrieved successfully.
2024-07-09 10:34:44,642 [INFO] journey: Journeys retrieved successfully.
2024-07-09 10:35:14,587 [WARNING] journey: Invalid data provided for journey creation.
2024-07-09 10:39:29,862 [WARNING] journey: Invalid data provided for journey creation.
2024-07-09 10:40:54,042 [WARNING] journey: Invalid data provided for journey creation.
2024-07-09 10:43:33,721 [WARNING] journey: Invalid data provided for journey creation.
2024-07-09 10:43:55,076 [WARNING] journey: Invalid data provided for journey creation.
2024-07-09 10:44:30,553 [INFO] journey: Journeys retrieved successfully.
2024-07-09 10:44:33,651 [INFO] journey: Journey events with  journey id 1 retrieved successfully.
2024-07-09 10:44:42,918 [INFO] journey: Journey events with  journey id 1 retrieved successfully.
2024-07-09 10:45:26,096 [INFO] journey: Journey events with  journey id 1 retrieved successfully.
2024-07-09 10:45:57,896 [INFO] journey: Journey events with  journey id 1 retrieved successfully.
2024-07-09 10:45:59,993 [INFO] journey: Journeys retrieved successfully.
2024-07-09 11:15:56,700 [INFO] journey: Journeys retrieved successfully.
2024-07-09 11:15:59,459 [INFO] journey: Journey events with  journey id 1 retrieved successfully.
2024-07-09 11:21:22,934 [INFO] journey: Journey events with  journey id 1 retrieved successfully.
>>>>>>> 8a88f9c (.. commit)
2024-07-09 11:59:29,970 [INFO] journey: Journey events with  journey id 1 retrieved successfully.
2024-07-09 12:08:37,372 [INFO] journey: Journey events with  journey id 1 retrieved successfully.
2024-07-09 12:08:40,940 [INFO] journey: Journey events with  journey id 1 retrieved successfully.
2024-07-09 12:09:10,199 [INFO] journey: Journey events with  journey id 1 retrieved successfully.
2024-07-09 12:12:30,692 [INFO] journey: Journey events with  journey id 1 retrieved successfully.
2024-07-09 12:12:42,256 [INFO] journey: Journey events with  journey id 1 retrieved successfully.
2024-07-09 12:12:58,527 [INFO] journey: Journey events with  journey id 1 retrieved successfully.
2024-07-09 12:13:07,154 [INFO] journey: Journey events with  journey id 1 retrieved successfully.
2024-07-09 12:13:14,932 [INFO] journey: Journey events with  journey id 1 retrieved successfully.
2024-07-09 12:13:53,687 [INFO] journey: Journey events with  journey id 1 retrieved successfully.
2024-07-09 12:18:44,753 [INFO] journey: Journey events with  journey id 1 retrieved successfully.
2024-07-09 12:19:01,855 [INFO] journey: Journey events with  journey id 1 retrieved successfully.
2024-07-09 12:19:07,250 [INFO] journey: Journey events with  journey id 1 retrieved successfully.
2024-07-09 12:21:30,587 [INFO] journey: Journey events with  journey id 1 retrieved successfully.
2024-07-09 12:21:41,123 [INFO] journey: Journey events with  journey id 1 retrieved successfully.
2024-07-09 12:22:01,362 [INFO] journey: Journey events with  journey id 1 retrieved successfully.
2024-07-09 12:22:16,989 [INFO] journey: Journey events with  journey id 1 retrieved successfully.
2024-07-09 12:22:26,852 [INFO] journey: Journey events with  journey id 1 retrieved successfully.
2024-07-09 12:22:45,175 [INFO] journey: Journey events with  journey id 1 retrieved successfully.
2024-07-09 12:22:58,131 [INFO] journey: Journey events with  journey id 1 retrieved successfully.
2024-07-09 12:23:19,429 [INFO] journey: Journey events with  journey id 1 retrieved successfully.
2024-07-09 12:23:32,974 [INFO] journey: Journey events with  journey id 1 retrieved successfully.
2024-07-09 12:41:01,287 [INFO] journey: Journey events with  journey id 1 retrieved successfully.
2024-07-09 12:42:00,952 [INFO] journey: Journey events with  journey id 1 retrieved successfully.
2024-07-09 12:48:45,335 [INFO] journey: Journey events with  journey id 1 retrieved successfully.
2024-07-09 12:48:54,334 [INFO] journey: Journey events with  journey id 1 retrieved successfully.
2024-07-09 12:49:04,940 [INFO] journey: Journey events with  journey id 1 retrieved successfully.
>>>>>>> 2988b2d (.. commit)
>>>>>>> 8e25e2e (.. commit)
2024-07-09 17:35:11,566 [INFO] journey: Fetched 6 users for application_id: 1
2024-07-09 17:35:11,584 [INFO] journey: Journey events with  journey id 1 retrieved successfully.
2024-07-09 17:35:11,680 [INFO] journey: Retrieved 3 segment categories for journey_id 1.
2024-07-09 17:35:56,017 [INFO] journey: Fetched 6 users for application_id: 1
2024-07-09 17:35:56,034 [INFO] journey: Journey events with  journey id 1 retrieved successfully.
2024-07-09 17:35:56,144 [INFO] journey: Retrieved 3 segment categories for journey_id 1.
2024-07-09 17:39:04,178 [INFO] journey: Fetched 6 users for application_id: 1
2024-07-09 17:39:04,180 [INFO] journey: Journey events with  journey id 1 retrieved successfully.
2024-07-09 17:39:05,256 [INFO] journey: Retrieved 3 segment categories for journey_id 1.
2024-07-09 17:39:59,732 [INFO] journey: Journey events with  journey id 1 retrieved successfully.
2024-07-09 17:39:59,778 [INFO] journey: Retrieved 3 segment categories for journey_id 1.
2024-07-09 17:40:00,764 [INFO] journey: Fetched 6 users for application_id: 1
2024-07-09 17:40:24,203 [INFO] journey: Fetched 6 users for application_id: 1
2024-07-09 17:40:24,291 [INFO] journey: Retrieved 3 segment categories for journey_id 1.
2024-07-09 17:40:25,226 [INFO] journey: Journey events with  journey id 1 retrieved successfully.
2024-07-09 17:40:46,887 [INFO] journey: Journey events with  journey id 1 retrieved successfully.
2024-07-09 17:40:46,891 [INFO] journey: Fetched 6 users for application_id: 1
2024-07-09 17:40:46,984 [INFO] journey: Retrieved 3 segment categories for journey_id 1.
2024-07-09 17:41:16,539 [INFO] journey: Fetched 6 users for application_id: 1
2024-07-09 17:41:16,540 [INFO] journey: Journey events with  journey id 1 retrieved successfully.
2024-07-09 17:41:16,645 [INFO] journey: Retrieved 3 segment categories for journey_id 1.
2024-07-09 17:41:30,846 [INFO] journey: Journey events with  journey id 1 retrieved successfully.
2024-07-09 17:41:30,934 [INFO] journey: Retrieved 3 segment categories for journey_id 1.
2024-07-09 17:41:31,884 [INFO] journey: Fetched 6 users for application_id: 1
2024-07-09 17:41:52,805 [INFO] journey: Fetched 6 users for application_id: 1
2024-07-09 17:41:52,906 [INFO] journey: Retrieved 3 segment categories for journey_id 1.
2024-07-09 17:41:53,837 [INFO] journey: Journey events with  journey id 1 retrieved successfully.
2024-07-09 17:42:28,870 [INFO] journey: Journey events with  journey id 1 retrieved successfully.
2024-07-09 17:42:28,877 [INFO] journey: Fetched 6 users for application_id: 1
2024-07-09 17:42:28,932 [INFO] journey: Retrieved 3 segment categories for journey_id 1.
2024-07-09 17:42:55,799 [INFO] journey: Fetched 6 users for application_id: 1
2024-07-09 17:42:55,825 [INFO] journey: Retrieved 3 segment categories for journey_id 1.
2024-07-09 17:42:56,809 [INFO] journey: Journey events with  journey id 1 retrieved successfully.
2024-07-09 17:43:58,782 [INFO] journey: Retrieved 3 segment categories for journey_id 1.
2024-07-09 17:43:59,813 [INFO] journey: Fetched 6 users for application_id: 1
2024-07-09 17:43:59,818 [INFO] journey: Journey events with  journey id 1 retrieved successfully.
2024-07-09 17:44:11,710 [INFO] journey: Journey events with  journey id 1 retrieved successfully.
2024-07-09 17:44:11,753 [INFO] journey: Fetched 6 users for application_id: 1
2024-07-09 17:44:11,876 [INFO] journey: Retrieved 3 segment categories for journey_id 1.
2024-07-09 17:44:41,045 [INFO] journey: Journey events with  journey id 1 retrieved successfully.
2024-07-09 17:44:42,099 [INFO] journey: Fetched 6 users for application_id: 1
2024-07-09 17:44:43,173 [INFO] journey: Retrieved 3 segment categories for journey_id 1.
2024-07-09 17:44:46,998 [INFO] journey: Journey events with  journey id 1 retrieved successfully.
2024-07-09 17:44:47,084 [INFO] journey: Retrieved 3 segment categories for journey_id 1.
2024-07-09 17:44:48,043 [INFO] journey: Fetched 6 users for application_id: 1
2024-07-09 17:48:46,777 [INFO] journey: Journeys retrieved successfully.
2024-07-09 17:48:50,796 [INFO] journey: Journeys retrieved successfully.
2024-07-09 17:48:54,755 [INFO] journey: Journeys retrieved successfully.
2024-07-09 17:49:41,449 [INFO] journey: Journeys retrieved successfully.
2024-07-09 17:51:26,575 [WARNING] journey: No journey events found for journey_id 120.
2024-07-09 17:51:35,646 [INFO] journey: Journey events with  journey id 1 retrieved successfully.
2024-07-09 17:51:35,658 [INFO] journey: Fetched 6 users for application_id: 1
2024-07-09 17:51:35,804 [INFO] journey: Retrieved 3 segment categories for journey_id 1.
2024-07-09 17:53:04,488 [INFO] journey: Retrieved 3 segment categories for journey_id 1.
2024-07-09 17:53:05,495 [INFO] journey: Journey events with  journey id 1 retrieved successfully.
2024-07-09 17:53:05,499 [INFO] journey: Fetched 6 users for application_id: 1
2024-07-09 17:54:56,893 [INFO] journey: Journey events with  journey id 1 retrieved successfully.
2024-07-09 17:54:56,924 [INFO] journey: Retrieved 3 segment categories for journey_id 1.
2024-07-09 17:54:57,948 [INFO] journey: Fetched 6 users for application_id: 1
2024-07-09 17:55:53,810 [INFO] journey: Fetched 6 users for application_id: 1
2024-07-09 17:55:53,815 [INFO] journey: Journey events with  journey id 1 retrieved successfully.
2024-07-09 17:55:53,935 [INFO] journey: Retrieved 3 segment categories for journey_id 1.
2024-07-09 18:00:37,229 [INFO] journey: Journey events with  journey id 1 retrieved successfully.
2024-07-09 18:00:37,258 [INFO] journey: Fetched 6 users for application_id: 1
2024-07-09 18:00:37,285 [INFO] journey: Retrieved 3 segment categories for journey_id 1.
2024-07-09 18:01:48,864 [INFO] journey: Journey events with  journey id 1 retrieved successfully.
2024-07-09 18:01:48,867 [INFO] journey: Fetched 6 users for application_id: 1
2024-07-09 18:01:49,904 [INFO] journey: Retrieved 3 segment categories for journey_id 1.
2024-07-09 18:06:55,374 [INFO] journey: Fetched 6 users for application_id: 1
2024-07-09 18:06:55,382 [INFO] journey: Journey events with  journey id 1 retrieved successfully.
2024-07-09 18:06:55,450 [INFO] journey: Retrieved 3 segment categories for journey_id 1.
2024-07-09 18:07:39,372 [INFO] journey: Fetched 6 users for application_id: 1
2024-07-09 18:07:39,400 [INFO] journey: Journey events with  journey id 1 retrieved successfully.
2024-07-09 18:07:39,422 [INFO] journey: Retrieved 3 segment categories for journey_id 1.
2024-07-09 18:07:45,609 [INFO] journey: Journey events with  journey id 1 retrieved successfully.
2024-07-09 18:07:45,678 [INFO] journey: Fetched 6 users for application_id: 1
2024-07-09 18:07:47,377 [INFO] journey: Retrieved 3 segment categories for journey_id 1.
2024-07-09 18:09:34,022 [WARNING] journey: Invalid data provided: {'user': [ErrorDetail(string='Invalid pk "1" - object does not exist.', code='does_not_exist')]}
2024-07-09 18:09:55,522 [WARNING] journey: Invalid data provided: {'user': [ErrorDetail(string='Invalid pk "1" - object does not exist.', code='does_not_exist')]}
2024-07-09 18:28:14,726 [INFO] journey: Fetched 6 users for application_id: 1
2024-07-09 18:28:14,737 [INFO] journey: Journey events with  journey id 1 retrieved successfully.
2024-07-09 18:28:14,772 [INFO] journey: Retrieved 3 segment categories for journey_id 1.
2024-07-09 18:38:40,851 [WARNING] journey: Invalid data provided for journey event update: {'non_field_errors': [ErrorDetail(string='No call channel exists for this campaign.', code='invalid')]}
2024-07-09 18:38:44,950 [INFO] journey: Journey events with  journey id 1 retrieved successfully.
2024-07-09 18:38:44,971 [INFO] journey: Fetched 6 users for application_id: 1
2024-07-09 18:38:45,164 [INFO] journey: Retrieved 3 segment categories for journey_id 1.
2024-07-09 18:40:00,955 [INFO] journey: Journey events with  journey id 1 retrieved successfully.
2024-07-09 18:40:01,073 [INFO] journey: Retrieved 3 segment categories for journey_id 1.
2024-07-09 18:40:02,002 [INFO] journey: Fetched 6 users for application_id: 1
2024-07-09 18:42:02,278 [WARNING] journey: Invalid data provided for journey event update: {'non_field_errors': [ErrorDetail(string='No call channel exists for this campaign.', code='invalid')]}
2024-07-09 18:42:53,531 [WARNING] journey: Invalid data provided for journey event update: {'non_field_errors': [ErrorDetail(string='No call channel exists for this campaign.', code='invalid')]}
2024-07-09 18:43:10,918 [INFO] journey: Journey events with  journey id 1 retrieved successfully.
2024-07-09 18:43:11,112 [INFO] journey: Retrieved 3 segment categories for journey_id 1.
2024-07-09 18:43:11,976 [INFO] journey: Fetched 6 users for application_id: 1
2024-07-09 18:45:05,098 [INFO] journey: Fetched 6 users for application_id: 1
2024-07-09 18:45:05,336 [INFO] journey: Retrieved 3 segment categories for journey_id 1.
2024-07-09 18:45:06,161 [INFO] journey: Journey events with  journey id 1 retrieved successfully.
2024-07-09 18:50:36,885 [INFO] journey: Fetched 6 users for application_id: 1
2024-07-09 18:50:37,180 [INFO] journey: Retrieved 3 segment categories for journey_id 1.
2024-07-09 18:50:37,950 [INFO] journey: Journey events with  journey id 1 retrieved successfully.
2024-07-09 18:50:47,025 [WARNING] journey: Invalid data provided for journey event update: {'non_field_errors': [ErrorDetail(string='No call channel exists for this campaign.', code='invalid')]}
2024-07-09 18:51:47,312 [WARNING] journey: Invalid data provided for journey event update: {'non_field_errors': [ErrorDetail(string='No call channel exists for this campaign.', code='invalid')]}
2024-07-09 18:52:24,326 [WARNING] journey: Invalid data provided: {'user': [ErrorDetail(string='Invalid pk "1" - object does not exist.', code='does_not_exist')]}
2024-07-09 18:52:29,640 [INFO] journey: Journey events with  journey id 1 retrieved successfully.
2024-07-09 18:52:29,668 [INFO] journey: Fetched 6 users for application_id: 1
2024-07-09 18:52:29,858 [INFO] journey: Retrieved 3 segment categories for journey_id 1.
2024-07-09 18:55:01,354 [WARNING] journey: Invalid data provided: {'user': [ErrorDetail(string='Invalid pk "1" - object does not exist.', code='does_not_exist')]}
2024-07-09 18:55:05,672 [INFO] journey: Journey events with  journey id 1 retrieved successfully.
2024-07-09 18:55:05,875 [INFO] journey: Retrieved 3 segment categories for journey_id 1.
2024-07-09 18:55:06,738 [INFO] journey: Fetched 6 users for application_id: 1
2024-07-09 18:56:42,229 [INFO] journey: Fetched 6 users for application_id: 1
2024-07-09 18:56:42,275 [INFO] journey: Retrieved 3 segment categories for journey_id 1.
2024-07-09 18:56:43,256 [INFO] journey: Journey events with  journey id 1 retrieved successfully.
2024-07-09 18:57:16,996 [WARNING] journey: Invalid data provided for journey event update: {'segment_category': [ErrorDetail(string="This field is required for 'Bot Call' interview type.", code='invalid')]}
2024-07-09 18:57:18,639 [WARNING] journey: Invalid data provided for journey event update: {'segment_category': [ErrorDetail(string="This field is required for 'Bot Call' interview type.", code='invalid')]}
>>>>>>> ddc5de9edf1fc6248185a74f8a512e238d70aea8
