2024-06-23 12:44:46,305 [INFO] journey: {'journey_id': 1}
2024-06-23 12:45:24,804 [INFO] journey: {'journey_id': 1}
2024-06-23 12:45:24,935 [INFO] journey: Journey events with  journey id 1 retrieved successfully.
2024-06-23 12:46:37,798 [INFO] journey: {'journey_id': 1}
2024-06-23 12:46:37,883 [INFO] journey: Journey events with  journey id 1 retrieved successfully.
2024-06-23 12:58:30,232 [INFO] journey: {'journey_id': 1}
2024-06-23 12:58:30,289 [INFO] journey: Journey events with  journey id 1 retrieved successfully.
2024-06-23 12:58:39,364 [INFO] journey: {'journey_id': 1}
2024-06-23 12:58:39,427 [INFO] journey: Journey events with  journey id 1 retrieved successfully.
2024-06-23 12:59:45,236 [INFO] journey: {'journey_id': 1}
2024-06-23 12:59:45,303 [INFO] journey: Journey events with  journey id 1 retrieved successfully.
2024-06-23 13:00:01,554 [ERROR] journey: An error occurred while updating the journey event: int() argument must be a string, a bytes-like object or a real number, not 'NoneType'
2024-06-23 13:00:07,207 [ERROR] journey: An error occurred while updating the journey event: int() argument must be a string, a bytes-like object or a real number, not 'NoneType'
2024-06-23 13:02:48,449 [ERROR] journey: An error occurred while updating the journey event: int() argument must be a string, a bytes-like object or a real number, not 'NoneType'
2024-06-23 13:03:36,465 [ERROR] journey: An error occurred while updating the journey event: int() argument must be a string, a bytes-like object or a real number, not 'NoneType'
2024-06-23 13:05:52,579 [INFO] journey: {'journey_id': 1}
2024-06-23 13:05:52,731 [INFO] journey: Journey events with  journey id 1 retrieved successfully.
2024-06-23 13:06:36,235 [INFO] journey: {'journey_id': 1}
2024-06-23 13:06:36,300 [INFO] journey: Journey events with  journey id 1 retrieved successfully.
2024-06-23 13:06:43,268 [INFO] journey: {'journey_id': 1}
2024-06-23 13:06:43,328 [INFO] journey: Journey events with  journey id 1 retrieved successfully.
2024-06-23 13:06:55,030 [INFO] journey: {'journey_id': 1}
2024-06-23 13:06:55,091 [INFO] journey: Journey events with  journey id 1 retrieved successfully.
2024-06-23 13:08:38,959 [INFO] journey: {'journey_id': 1}
2024-06-23 13:08:39,023 [INFO] journey: Journey events with  journey id 1 retrieved successfully.
2024-06-23 13:08:56,489 [INFO] journey: {'journey_id': 1}
2024-06-23 13:08:56,551 [INFO] journey: Journey events with  journey id 1 retrieved successfully.
2024-06-23 13:19:46,836 [INFO] journey: Journeys retrieved successfully.
2024-06-23 13:19:55,289 [INFO] journey: Journeys retrieved successfully.
2024-06-23 13:19:57,601 [INFO] journey: {'journey_id': 1}
2024-06-23 13:19:57,672 [INFO] journey: Journey events with  journey id 1 retrieved successfully.
2024-06-23 13:20:13,759 [INFO] journey: {'journey_id': 1}
2024-06-23 13:20:13,829 [INFO] journey: Journey events with  journey id 1 retrieved successfully.
2024-06-23 13:20:31,353 [INFO] journey: Journeys retrieved successfully.
2024-06-23 13:21:50,649 [INFO] journey: {'journey_id': 1}
2024-06-23 13:21:50,711 [INFO] journey: Journey events with  journey id 1 retrieved successfully.
2024-06-23 13:33:23,751 [INFO] journey: {'journey_id': 1}
2024-06-23 13:33:23,818 [INFO] journey: Journey events with  journey id 1 retrieved successfully.
2024-06-23 13:33:38,328 [INFO] journey: Journeys created successfully.
2024-06-23 13:33:46,714 [INFO] journey: Journeys created successfully.
2024-06-23 13:35:53,768 [INFO] journey: {'journey_id': 1}
2024-06-23 13:35:53,838 [INFO] journey: Journey events with  journey id 1 retrieved successfully.
2024-06-23 13:36:01,699 [INFO] journey: Journeys retrieved successfully.
2024-06-23 13:36:15,677 [INFO] journey: Journeys created successfully.
2024-06-23 13:36:46,721 [INFO] journey: Journeys created successfully.
2024-06-23 13:37:26,362 [INFO] journey: {'journey_id': 1}
2024-06-23 13:37:26,432 [INFO] journey: Journey events with  journey id 1 retrieved successfully.
2024-06-23 13:37:48,934 [INFO] journey: Journeys created successfully.
2024-06-23 13:38:04,931 [INFO] journey: {'journey_id': 9}
2024-06-23 13:38:04,994 [WARNING] journey: No journey events found for journey_id 9.
2024-06-23 13:38:15,642 [INFO] journey: {'journey_id': 9}
2024-06-23 13:38:15,715 [WARNING] journey: No journey events found for journey_id 9.
2024-06-23 13:38:40,412 [INFO] journey: Journeys retrieved successfully.
2024-06-23 13:38:43,230 [INFO] journey: {'journey_id': 1}
2024-06-23 13:38:43,302 [INFO] journey: Journey events with  journey id 1 retrieved successfully.
2024-06-23 13:38:47,091 [INFO] journey: Journeys retrieved successfully.
2024-06-23 13:38:50,994 [INFO] journey: {'journey_id': 9}
2024-06-23 13:38:51,067 [WARNING] journey: No journey events found for journey_id 9.
2024-06-23 13:40:15,066 [INFO] journey: {'journey_id': 9}
2024-06-23 13:40:15,126 [WARNING] journey: No journey events found for journey_id 9.
2024-06-23 13:40:23,321 [INFO] journey: {'journey_id': 9}
2024-06-23 13:40:23,385 [WARNING] journey: No journey events found for journey_id 9.
2024-06-23 13:41:03,247 [INFO] journey: {'journey_id': 9}
2024-06-23 13:41:03,308 [WARNING] journey: No journey events found for journey_id 9.
2024-06-23 13:41:36,526 [INFO] journey: {'journey_id': 9}
2024-06-23 13:41:36,584 [WARNING] journey: No journey events found for journey_id 9.
2024-06-23 13:41:39,985 [INFO] journey: {'journey_id': 9}
2024-06-23 13:41:40,043 [WARNING] journey: No journey events found for journey_id 9.
2024-06-23 13:42:26,134 [INFO] journey: {'journey_id': 9}
2024-06-23 13:42:26,194 [WARNING] journey: No journey events found for journey_id 9.
2024-06-23 13:42:48,556 [INFO] journey: {'journey_id': 9}
2024-06-23 13:42:48,644 [WARNING] journey: No journey events found for journey_id 9.
2024-06-23 13:43:06,533 [INFO] journey: {'journey_id': 9}
2024-06-23 13:43:06,617 [WARNING] journey: No journey events found for journey_id 9.
2024-06-23 13:43:45,848 [INFO] journey: {'journey_id': 9}
2024-06-23 13:43:45,915 [WARNING] journey: No journey events found for journey_id 9.
2024-06-23 13:43:50,983 [INFO] journey: {'journey_id': 9}
2024-06-23 13:43:51,044 [WARNING] journey: No journey events found for journey_id 9.
2024-06-23 13:44:01,569 [INFO] journey: {'journey_id': 9}
2024-06-23 13:44:01,654 [WARNING] journey: No journey events found for journey_id 9.
2024-06-23 13:44:29,463 [INFO] journey: {'journey_id': 9}
2024-06-23 13:44:29,540 [WARNING] journey: No journey events found for journey_id 9.
2024-06-23 13:44:31,542 [INFO] journey: {'journey_id': 9}
2024-06-23 13:44:31,617 [WARNING] journey: No journey events found for journey_id 9.
2024-06-23 13:45:05,444 [INFO] journey: {'journey_id': 9}
2024-06-23 13:45:05,518 [WARNING] journey: No journey events found for journey_id 9.
2024-06-23 13:45:14,049 [INFO] journey: {'journey_id': 9}
2024-06-23 13:45:14,109 [WARNING] journey: No journey events found for journey_id 9.
2024-06-23 13:45:28,626 [INFO] journey: {'journey_id': 9}
2024-06-23 13:45:28,686 [WARNING] journey: No journey events found for journey_id 9.
2024-06-23 13:45:29,747 [INFO] journey: {'journey_id': 9}
2024-06-23 13:45:29,808 [WARNING] journey: No journey events found for journey_id 9.
2024-06-23 13:45:51,167 [INFO] journey: {'journey_id': 9}
2024-06-23 13:45:51,225 [WARNING] journey: No journey events found for journey_id 9.
2024-06-23 13:46:54,029 [INFO] journey: {'journey_id': 9}
2024-06-23 13:46:54,112 [WARNING] journey: No journey events found for journey_id 9.
2024-06-23 13:46:54,623 [INFO] journey: {'journey_id': 9}
2024-06-23 13:46:54,695 [WARNING] journey: No journey events found for journey_id 9.
2024-06-23 13:47:57,607 [INFO] journey: {'journey_id': 9}
2024-06-23 13:47:57,676 [WARNING] journey: No journey events found for journey_id 9.
2024-06-23 13:48:02,413 [INFO] journey: {'journey_id': 9}
2024-06-23 13:48:02,476 [WARNING] journey: No journey events found for journey_id 9.
2024-06-23 13:48:12,180 [INFO] journey: {'journey_id': 9}
2024-06-23 13:48:12,250 [WARNING] journey: No journey events found for journey_id 9.
2024-06-23 13:48:27,193 [INFO] journey: {'journey_id': 9}
2024-06-23 13:48:27,270 [WARNING] journey: No journey events found for journey_id 9.
2024-06-23 13:48:42,227 [INFO] journey: {'journey_id': 9}
2024-06-23 13:48:42,298 [WARNING] journey: No journey events found for journey_id 9.
2024-06-23 13:48:42,838 [INFO] journey: {'journey_id': 9}
2024-06-23 13:48:42,898 [WARNING] journey: No journey events found for journey_id 9.
2024-06-23 13:50:46,216 [INFO] journey: {'journey_id': 9}
2024-06-23 13:50:46,286 [WARNING] journey: No journey events found for journey_id 9.
2024-06-23 13:50:49,240 [INFO] journey: {'journey_id': 9}
2024-06-23 13:50:49,311 [WARNING] journey: No journey events found for journey_id 9.
2024-06-23 13:51:08,117 [ERROR] journey: An error occurred: int() argument must be a string, a bytes-like object or a real number, not 'NoneType'
2024-06-23 13:51:14,760 [ERROR] journey: An error occurred: int() argument must be a string, a bytes-like object or a real number, not 'NoneType'
2024-06-23 13:53:38,082 [ERROR] journey: An error occurred: int() argument must be a string, a bytes-like object or a real number, not 'NoneType'
2024-06-23 13:53:52,902 [ERROR] journey: An error occurred: int() argument must be a string, a bytes-like object or a real number, not 'NoneType'
2024-06-23 13:55:02,018 [ERROR] journey: An error occurred: int() argument must be a string, a bytes-like object or a real number, not 'NoneType'
2024-06-23 13:56:36,225 [ERROR] journey: An error occurred: int() argument must be a string, a bytes-like object or a real number, not 'NoneType'
2024-06-23 13:57:02,195 [ERROR] journey: An error occurred: int() argument must be a string, a bytes-like object or a real number, not 'NoneType'
2024-06-23 13:57:19,610 [INFO] journey: {'journey_id': 9}
2024-06-23 13:57:19,667 [WARNING] journey: No journey events found for journey_id 9.
2024-06-23 13:57:58,365 [INFO] journey: {'journey_id': 9}
2024-06-23 13:57:58,439 [WARNING] journey: No journey events found for journey_id 9.
2024-06-23 13:58:05,927 [ERROR] journey: An error occurred: int() argument must be a string, a bytes-like object or a real number, not 'NoneType'
2024-06-23 14:33:49,973 [INFO] journey: {'journey_id': 9}
2024-06-23 14:33:50,035 [WARNING] journey: No journey events found for journey_id 9.
2024-06-23 14:34:04,954 [ERROR] journey: An error occurred: int() argument must be a string, a bytes-like object or a real number, not 'NoneType'
2024-06-23 14:34:48,541 [ERROR] journey: An error occurred: int() argument must be a string, a bytes-like object or a real number, not 'NoneType'
2024-06-23 14:35:19,434 [ERROR] journey: An error occurred: int() argument must be a string, a bytes-like object or a real number, not 'NoneType'
2024-06-23 14:36:27,770 [ERROR] journey: An error occurred: int() argument must be a string, a bytes-like object or a real number, not 'NoneType'
2024-06-23 14:37:15,808 [ERROR] journey: An error occurred: int() argument must be a string, a bytes-like object or a real number, not 'NoneType'
2024-06-23 14:38:46,157 [WARNING] journey: Invalid data provided: {'interview_type': [ErrorDetail(string='This field is required.', code='required')], 'journey': [ErrorDetail(string='This field is required.', code='required')], 'campaign': [ErrorDetail(string='This field is required.', code='required')], 'user': [ErrorDetail(string='This field is required.', code='required')], 'application': [ErrorDetail(string='This field is required.', code='required')]}
2024-06-23 14:40:12,158 [ERROR] journey: An error occurred: int() argument must be a string, a bytes-like object or a real number, not 'NoneType'
2024-06-23 14:42:55,559 [WARNING] journey: Invalid data provided: {'hiring_manager': [ErrorDetail(string='hiring_manager should only contain alphanumeric characters and spaces.', code='invalid')], 'integration_type': [ErrorDetail(string='integration_type should only contain alphanumeric characters and spaces.', code='invalid')], 'test_type': [ErrorDetail(string='test_type should only contain alphanumeric characters and spaces.', code='invalid')], 'state': [ErrorDetail(string='state should only contain alphanumeric characters and spaces.', code='invalid')], 'city': [ErrorDetail(string='city should only contain alphanumeric characters and spaces.', code='invalid')], 'addr1': [ErrorDetail(string='addr1 should only contain alphanumeric characters and spaces.', code='invalid')], 'addr2': [ErrorDetail(string='addr2 should only contain alphanumeric characters and spaces.', code='invalid')], 'campaign': [ErrorDetail(string='This field is required.', code='required')]}
2024-06-25 14:51:29,439 [INFO] journey: Journeys retrieved successfully.
2024-06-25 14:54:40,370 [INFO] journey: {'journey_id': 16}
2024-06-25 14:55:07,123 [INFO] journey: {'journey_id': 16}
2024-06-25 14:55:19,353 [INFO] journey: {'journey_id': 16}
2024-06-25 14:55:49,672 [INFO] journey: {'journey_id': 16}
2024-06-25 15:00:48,385 [INFO] journey: {'journey_id': 16}
2024-06-25 15:07:06,612 [INFO] journey: {'journey_id': 16}
2024-06-25 15:09:38,354 [INFO] journey: {'journey_id': 16}
2024-06-25 15:10:05,752 [INFO] journey: {'journey_id': 16}
2024-06-25 15:10:05,808 [INFO] journey: Journey events with  journey id 16 retrieved successfully.
2024-06-25 15:15:45,211 [INFO] journey: {'journey_id': 16}
2024-06-25 15:15:45,271 [INFO] journey: Journey events with  journey id 16 retrieved successfully.
2024-06-25 15:16:23,131 [INFO] journey: {'journey_id': 16}
2024-06-25 15:16:23,195 [INFO] journey: Journey events with  journey id 16 retrieved successfully.
2024-06-25 15:17:02,092 [INFO] journey: {'journey_id': 16}
2024-06-25 15:17:02,161 [INFO] journey: Journey events with  journey id 16 retrieved successfully.
2024-06-25 15:17:23,385 [INFO] journey: {'journey_id': 16}
2024-06-25 15:17:23,447 [INFO] journey: Journey events with  journey id 16 retrieved successfully.
2024-06-25 15:19:53,356 [INFO] journey: {'journey_id': 16}
2024-06-25 15:19:53,416 [INFO] journey: Journey events with  journey id 16 retrieved successfully.
2024-06-25 15:20:19,297 [INFO] journey: {'journey_id': 16}
2024-06-25 15:20:19,363 [INFO] journey: Journey events with  journey id 16 retrieved successfully.
2024-06-25 15:20:32,738 [INFO] journey: {'journey_id': 16}
2024-06-25 15:20:32,801 [INFO] journey: Journey events with  journey id 16 retrieved successfully.
2024-06-25 15:21:44,747 [WARNING] journey: Invalid data provided: {'non_field_errors': [ErrorDetail(string="Either 'immediately' or 'relative_time_period_interval' must be provided.", code='invalid')]}
2024-06-25 15:21:56,263 [INFO] journey: Journey event is posted successfully.
2024-06-25 15:21:56,943 [INFO] journey: {'journey_id': 16}
2024-06-25 15:21:57,003 [INFO] journey: Journey events with  journey id 16 retrieved successfully.
2024-06-25 15:26:39,113 [WARNING] journey: Invalid data provided for journey event update: {'campaign_type': [ErrorDetail(string="This field is required for 'Bot Call' interview type.", code='invalid')]}
2024-06-25 15:27:01,598 [WARNING] journey: Invalid data provided for journey event update: {'campaign_type': [ErrorDetail(string="This field is required for 'Bot Call' interview type.", code='invalid')]}
2024-06-25 15:29:15,007 [INFO] journey: {'journey_id': 16}
2024-06-25 15:29:15,069 [INFO] journey: Journey events with  journey id 16 retrieved successfully.
2024-06-25 15:29:20,484 [INFO] journey: {'journey_id': 16}
2024-06-25 15:29:20,545 [INFO] journey: Journey events with  journey id 16 retrieved successfully.
2024-06-25 15:29:35,992 [INFO] journey: Journey event with id 19 updated successfully.
2024-06-25 15:29:36,721 [INFO] journey: {'journey_id': 16}
2024-06-25 15:29:36,775 [INFO] journey: Journey events with  journey id 16 retrieved successfully.
2024-06-25 15:29:48,245 [INFO] journey: {'journey_id': 16}
2024-06-25 15:29:48,311 [INFO] journey: Journey events with  journey id 16 retrieved successfully.
2024-06-25 15:34:56,254 [INFO] journey: {'journey_id': 16}
2024-06-25 15:34:56,311 [INFO] journey: Journey events with  journey id 16 retrieved successfully.
2024-06-25 15:35:51,407 [INFO] journey: {'journey_id': 16}
2024-06-25 15:35:51,463 [INFO] journey: Journey events with  journey id 16 retrieved successfully.
2024-06-25 15:39:48,717 [INFO] journey: {'journey_id': 16}
2024-06-25 15:39:48,776 [INFO] journey: Journey events with  journey id 16 retrieved successfully.
2024-06-25 15:44:20,105 [INFO] journey: {'journey_id': 16}
2024-06-25 15:44:20,175 [INFO] journey: Journey events with  journey id 16 retrieved successfully.
2024-06-25 15:45:03,496 [INFO] journey: {'journey_id': 16}
2024-06-25 15:45:03,553 [INFO] journey: Journey events with  journey id 16 retrieved successfully.
2024-06-25 15:46:56,302 [INFO] journey: {'journey_id': 16}
2024-06-25 15:46:56,360 [INFO] journey: Journey events with  journey id 16 retrieved successfully.
2024-06-25 15:48:05,214 [INFO] journey: {'journey_id': 16}
2024-06-25 15:48:05,272 [INFO] journey: Journey events with  journey id 16 retrieved successfully.
2024-06-25 15:48:52,296 [INFO] journey: {'journey_id': 16}
2024-06-25 15:48:52,362 [INFO] journey: Journey events with  journey id 16 retrieved successfully.
2024-06-25 15:52:29,483 [INFO] journey: {'journey_id': 16}
2024-06-25 15:52:29,548 [INFO] journey: Journey events with  journey id 16 retrieved successfully.
2024-06-25 15:52:49,571 [INFO] journey: {'journey_id': 16}
2024-06-25 15:52:49,632 [INFO] journey: Journey events with  journey id 16 retrieved successfully.
2024-06-25 15:53:03,006 [INFO] journey: {'journey_id': 16}
2024-06-25 15:53:03,080 [INFO] journey: Journey events with  journey id 16 retrieved successfully.
2024-06-25 15:53:09,867 [INFO] journey: {'journey_id': 16}
2024-06-25 15:53:09,927 [INFO] journey: Journey events with  journey id 16 retrieved successfully.
2024-06-25 15:54:09,529 [INFO] journey: {'journey_id': 16}
2024-06-25 15:54:09,594 [INFO] journey: Journey events with  journey id 16 retrieved successfully.
2024-06-25 15:57:58,357 [INFO] journey: {'journey_id': 16}
2024-06-25 15:57:58,423 [INFO] journey: Journey events with  journey id 16 retrieved successfully.
2024-06-25 15:58:45,216 [INFO] journey: {'journey_id': 16}
2024-06-25 15:58:45,276 [INFO] journey: Journey events with  journey id 16 retrieved successfully.
2024-06-25 16:01:30,651 [INFO] journey: {'journey_id': 16}
2024-06-25 16:01:30,717 [INFO] journey: Journey events with  journey id 16 retrieved successfully.
2024-06-25 16:02:29,923 [INFO] journey: {'journey_id': 16}
2024-06-25 16:02:29,984 [INFO] journey: Journey events with  journey id 16 retrieved successfully.
2024-06-25 16:03:11,764 [INFO] journey: {'journey_id': 16}
2024-06-25 16:03:11,824 [INFO] journey: Journey events with  journey id 16 retrieved successfully.
2024-06-25 16:04:13,019 [INFO] journey: {'journey_id': 16}
2024-06-25 16:04:13,085 [INFO] journey: Journey events with  journey id 16 retrieved successfully.
2024-06-25 16:05:05,408 [WARNING] journey: Invalid data provided: {'non_field_errors': [ErrorDetail(string="Either 'immediately' or 'relative_time_period_interval' must be provided.", code='invalid')]}
2024-06-25 16:05:24,579 [INFO] journey: Journey event is posted successfully.
2024-06-25 16:05:31,257 [INFO] journey: {'journey_id': 16}
2024-06-25 16:05:31,323 [INFO] journey: Journey events with  journey id 16 retrieved successfully.
2024-06-25 16:06:40,731 [WARNING] journey: Invalid data provided: {'non_field_errors': [ErrorDetail(string="Either 'immediately' or 'relative_time_period_interval' must be provided.", code='invalid')]}
2024-06-25 16:06:49,544 [INFO] journey: Journey event is posted successfully.
2024-06-25 16:06:50,299 [INFO] journey: {'journey_id': 16}
2024-06-25 16:06:50,357 [INFO] journey: Journey events with  journey id 16 retrieved successfully.
2024-06-25 16:10:31,525 [INFO] journey: {'journey_id': 16}
2024-06-25 16:10:31,591 [INFO] journey: Journey events with  journey id 16 retrieved successfully.
2024-06-25 16:12:24,494 [INFO] journey: {'journey_id': 16}
2024-06-25 16:12:24,553 [INFO] journey: Journey events with  journey id 16 retrieved successfully.
2024-06-25 16:12:50,830 [INFO] journey: {'journey_id': 16}
2024-06-25 16:12:50,900 [INFO] journey: Journey events with  journey id 16 retrieved successfully.
2024-06-25 16:14:10,273 [INFO] journey: {'journey_id': 16}
2024-06-25 16:14:10,336 [INFO] journey: Journey events with  journey id 16 retrieved successfully.
2024-06-25 16:14:40,603 [INFO] journey: {'journey_id': 16}
2024-06-25 16:14:40,658 [INFO] journey: Journey events with  journey id 16 retrieved successfully.
2024-06-25 16:15:06,368 [INFO] journey: Journeys retrieved successfully.
2024-06-25 16:16:41,081 [INFO] journey: Journeys retrieved successfully.
2024-06-25 16:16:43,271 [INFO] journey: Journeys retrieved successfully.
2024-06-25 16:18:09,188 [INFO] journey: Journeys retrieved successfully.
2024-06-25 16:18:10,062 [INFO] journey: Journeys retrieved successfully.
2024-06-25 16:18:29,479 [INFO] journey: Journeys retrieved successfully.
2024-06-25 16:18:31,363 [INFO] journey: Journeys retrieved successfully.
2024-06-25 16:18:35,679 [INFO] journey: Journeys retrieved successfully.
2024-06-25 16:18:36,825 [INFO] journey: Journeys retrieved successfully.
2024-06-25 16:18:41,414 [INFO] journey: Journeys retrieved successfully.
2024-06-25 16:18:42,180 [INFO] journey: Journeys retrieved successfully.
2024-06-25 16:20:18,564 [INFO] journey: Journeys retrieved successfully.
2024-06-25 16:20:19,514 [INFO] journey: Journeys retrieved successfully.
2024-06-25 16:23:50,015 [INFO] journey: Journeys retrieved successfully.
2024-06-25 16:23:50,999 [INFO] journey: Journeys retrieved successfully.
2024-06-25 16:50:02,191 [INFO] journey: Journeys retrieved successfully.
2024-06-25 16:50:03,305 [INFO] journey: Journeys retrieved successfully.
2024-06-25 16:50:41,976 [INFO] journey: Journeys retrieved successfully.
2024-06-25 16:50:42,759 [INFO] journey: Journeys retrieved successfully.
2024-06-25 16:51:57,371 [INFO] journey: Journeys retrieved successfully.
2024-06-25 16:51:58,092 [INFO] journey: Journeys retrieved successfully.
2024-06-25 16:52:09,640 [INFO] journey: Journeys retrieved successfully.
2024-06-25 16:52:10,611 [INFO] journey: Journeys retrieved successfully.
2024-06-25 16:52:32,777 [INFO] journey: Journeys retrieved successfully.
2024-06-25 16:54:09,665 [INFO] journey: Journeys retrieved successfully.
2024-06-25 17:02:28,496 [INFO] journey: {'journey_id': 16}
2024-06-25 17:02:28,562 [INFO] journey: Journey events with  journey id 16 retrieved successfully.
2024-06-25 17:09:31,604 [INFO] journey: {'journey_id': 16}
2024-06-25 17:09:31,664 [INFO] journey: Journey events with  journey id 16 retrieved successfully.
2024-06-25 17:18:01,325 [INFO] journey: {'journey_id': 16}
2024-06-25 17:18:01,382 [INFO] journey: Journey events with  journey id 16 retrieved successfully.
2024-06-25 17:23:48,624 [INFO] journey: Journey event is posted successfully.
2024-06-25 17:23:49,353 [INFO] journey: {'journey_id': 16}
2024-06-25 17:23:49,408 [INFO] journey: Journey events with  journey id 16 retrieved successfully.
2024-06-25 17:27:57,781 [INFO] journey: Journey event with id 25 updated successfully.
2024-06-25 17:27:58,571 [INFO] journey: {'journey_id': 16}
2024-06-25 17:27:58,635 [INFO] journey: Journey events with  journey id 16 retrieved successfully.
2024-06-25 17:28:13,934 [INFO] journey: Journeys created successfully.
2024-06-25 17:28:14,732 [INFO] journey: {'journey_id': 17}
2024-06-25 17:28:14,798 [WARNING] journey: No journey events found for journey_id 17.
2024-06-25 17:28:31,937 [INFO] journey: Journeys retrieved successfully.
2024-06-25 17:28:36,368 [INFO] journey: Journey event is posted successfully.
2024-06-25 17:28:37,179 [INFO] journey: {'journey_id': 17}
2024-06-25 17:28:37,242 [INFO] journey: Journey events with  journey id 17 retrieved successfully.
2024-06-25 17:29:25,527 [INFO] journey: Journeys retrieved successfully.
2024-06-25 17:33:23,825 [INFO] journey: Journeys retrieved successfully.
2024-06-25 17:34:36,437 [INFO] journey: {'journey_id': 17}
2024-06-25 17:34:36,496 [INFO] journey: Journey events with  journey id 17 retrieved successfully.
2024-06-25 17:34:38,048 [INFO] journey: {'journey_id': 17}
2024-06-25 17:34:38,110 [INFO] journey: Journey events with  journey id 17 retrieved successfully.
2024-06-25 17:36:09,220 [WARNING] journey: Invalid data provided: {'non_field_errors': [ErrorDetail(string="Either 'immediately' or 'relative_time_period_interval' must be provided.", code='invalid')]}
2024-06-25 17:36:13,419 [INFO] journey: Journeys retrieved successfully.
2024-06-25 17:36:14,828 [INFO] journey: {'journey_id': 17}
2024-06-25 17:36:14,894 [INFO] journey: Journey events with  journey id 17 retrieved successfully.
2024-06-25 17:36:43,240 [INFO] journey: Journey event is posted successfully.
2024-06-25 17:36:43,985 [INFO] journey: {'journey_id': 17}
2024-06-25 17:36:44,050 [INFO] journey: Journey events with  journey id 17 retrieved successfully.
2024-06-25 17:37:12,167 [INFO] journey: Journeys retrieved successfully.
2024-06-25 17:38:19,853 [INFO] journey: {'journey_id': 17}
2024-06-25 17:38:19,917 [INFO] journey: Journey events with  journey id 17 retrieved successfully.
2024-06-25 17:39:09,696 [INFO] journey: {'journey_id': 17}
2024-06-25 17:39:09,760 [INFO] journey: Journey events with  journey id 17 retrieved successfully.
2024-06-25 17:40:06,113 [WARNING] journey: Invalid data provided: {'non_field_errors': [ErrorDetail(string="Either 'immediately' or 'relative_time_period_interval' must be provided.", code='invalid')]}
2024-06-25 17:40:11,906 [INFO] journey: Journey event is posted successfully.
2024-06-25 17:40:12,671 [INFO] journey: {'journey_id': 17}
2024-06-25 17:40:12,735 [INFO] journey: Journey events with  journey id 17 retrieved successfully.
2024-06-25 17:40:29,566 [INFO] journey: {'journey_id': 17}
2024-06-25 17:40:29,623 [INFO] journey: Journey events with  journey id 17 retrieved successfully.
2024-06-25 17:40:48,242 [INFO] journey: Journeys created successfully.
2024-06-25 17:40:49,017 [INFO] journey: {'journey_id': 18}
2024-06-25 17:40:49,083 [WARNING] journey: No journey events found for journey_id 18.
2024-06-25 17:41:12,909 [INFO] journey: Journey event is posted successfully.
2024-06-25 17:41:13,701 [INFO] journey: {'journey_id': 18}
2024-06-25 17:41:13,795 [INFO] journey: Journey events with  journey id 18 retrieved successfully.
2024-06-25 17:42:04,984 [INFO] journey: Journey event is posted successfully.
2024-06-25 17:42:05,647 [INFO] journey: {'journey_id': 18}
2024-06-25 17:42:05,705 [INFO] journey: Journey events with  journey id 18 retrieved successfully.
2024-06-25 17:42:45,894 [INFO] journey: Journey event with id 33 updated successfully.
2024-06-25 17:42:46,608 [INFO] journey: {'journey_id': 18}
2024-06-25 17:42:46,667 [INFO] journey: Journey events with  journey id 18 retrieved successfully.
2024-06-25 17:43:05,264 [INFO] journey: Journey event with id 33 updated successfully.
2024-06-25 17:43:06,077 [INFO] journey: {'journey_id': 18}
2024-06-25 17:43:06,144 [INFO] journey: Journey events with  journey id 18 retrieved successfully.
2024-06-25 18:00:24,690 [INFO] journey: {'journey_id': 18}
2024-06-25 18:00:24,756 [INFO] journey: Journey events with  journey id 18 retrieved successfully.
2024-06-25 18:01:11,281 [WARNING] journey: Invalid data provided: {'non_field_errors': [ErrorDetail(string="Either 'immediately' or 'relative_time_period_interval' must be provided.", code='invalid')]}
2024-06-25 18:01:19,202 [INFO] journey: Journey event is posted successfully.
2024-06-25 18:01:19,993 [INFO] journey: {'journey_id': 18}
2024-06-25 18:01:20,059 [INFO] journey: Journey events with  journey id 18 retrieved successfully.
2024-06-25 18:04:06,234 [INFO] journey: {'journey_id': 18}
2024-06-25 18:04:06,289 [INFO] journey: Journey events with  journey id 18 retrieved successfully.
2024-06-25 18:04:40,916 [WARNING] journey: Invalid data provided: {'non_field_errors': [ErrorDetail(string="Either 'immediately' or 'relative_time_period_interval' must be provided.", code='invalid')]}
2024-06-25 18:05:36,869 [INFO] journey: Journey event is posted successfully.
2024-06-25 18:05:37,580 [INFO] journey: {'journey_id': 18}
2024-06-25 18:05:37,639 [INFO] journey: Journey events with  journey id 18 retrieved successfully.
2024-06-25 18:10:41,824 [INFO] journey: {'journey_id': 18}
2024-06-25 18:10:41,881 [INFO] journey: Journey events with  journey id 18 retrieved successfully.
2024-06-25 18:10:51,698 [INFO] journey: {'journey_id': 18}
2024-06-25 18:10:51,762 [INFO] journey: Journey events with  journey id 18 retrieved successfully.
2024-06-25 18:11:09,889 [INFO] journey: {'journey_id': 18}
2024-06-25 18:11:09,952 [INFO] journey: Journey events with  journey id 18 retrieved successfully.
2024-06-25 18:12:01,563 [INFO] journey: {'journey_id': 18}
2024-06-25 18:12:01,621 [INFO] journey: Journey events with  journey id 18 retrieved successfully.
2024-06-25 18:12:51,544 [INFO] journey: Journey event with id 35 updated successfully.
2024-06-25 18:12:52,345 [INFO] journey: {'journey_id': 18}
2024-06-25 18:12:52,411 [INFO] journey: Journey events with  journey id 18 retrieved successfully.
2024-06-25 18:13:18,398 [INFO] journey: Journey event is posted successfully.
2024-06-25 18:13:19,083 [INFO] journey: {'journey_id': 18}
2024-06-25 18:13:19,138 [INFO] journey: Journey events with  journey id 18 retrieved successfully.
2024-06-25 18:13:56,038 [INFO] journey: {'journey_id': 18}
2024-06-25 18:13:56,107 [INFO] journey: Journey events with  journey id 18 retrieved successfully.
2024-06-25 18:15:00,480 [WARNING] journey: Invalid data provided: {'non_field_errors': [ErrorDetail(string="Either 'immediately' or 'relative_time_period_interval' must be provided.", code='invalid')]}
2024-06-25 18:15:10,319 [INFO] journey: Journey event is posted successfully.
2024-06-25 18:15:10,982 [INFO] journey: {'journey_id': 18}
2024-06-25 18:15:11,038 [INFO] journey: Journey events with  journey id 18 retrieved successfully.
2024-06-25 18:16:10,839 [INFO] journey: {'journey_id': 18}
2024-06-25 18:16:10,903 [INFO] journey: Journey events with  journey id 18 retrieved successfully.
2024-06-25 18:16:47,207 [INFO] journey: Journey event is posted successfully.
2024-06-25 18:16:47,919 [INFO] journey: {'journey_id': 18}
2024-06-25 18:16:47,982 [INFO] journey: Journey events with  journey id 18 retrieved successfully.
2024-06-25 18:18:15,723 [INFO] journey: {'journey_id': 18}
2024-06-25 18:18:15,788 [INFO] journey: Journey events with  journey id 18 retrieved successfully.
2024-06-25 18:18:46,731 [INFO] journey: {'journey_id': 18}
2024-06-25 18:18:46,795 [INFO] journey: Journey events with  journey id 18 retrieved successfully.
2024-06-25 18:19:03,098 [INFO] journey: Journeys retrieved successfully.
2024-06-25 18:19:11,361 [WARNING] journey: Invalid data provided for journey creation.
2024-06-25 18:19:17,442 [INFO] journey: Journeys created successfully.
2024-06-25 18:19:18,301 [INFO] journey: {'journey_id': 19}
2024-06-25 18:19:18,366 [WARNING] journey: No journey events found for journey_id 19.
2024-06-25 18:19:56,703 [INFO] journey: Journey event is posted successfully.
2024-06-25 18:19:57,789 [INFO] journey: {'journey_id': 19}
2024-06-25 18:19:57,853 [INFO] journey: Journey events with  journey id 19 retrieved successfully.
2024-06-25 18:20:58,261 [WARNING] journey: Invalid data provided: {'non_field_errors': [ErrorDetail(string="Either 'immediately' or 'relative_time_period_interval' must be provided.", code='invalid')]}
2024-06-25 18:21:04,982 [INFO] journey: Journey event is posted successfully.
2024-06-25 18:21:05,749 [INFO] journey: {'journey_id': 19}
2024-06-25 18:21:05,808 [INFO] journey: Journey events with  journey id 19 retrieved successfully.
2024-06-25 18:25:25,169 [INFO] journey: {'journey_id': 19}
2024-06-25 18:25:25,232 [INFO] journey: Journey events with  journey id 19 retrieved successfully.
2024-06-25 18:25:59,674 [WARNING] journey: Invalid data provided: {'non_field_errors': [ErrorDetail(string="Either 'immediately' or 'relative_time_period_interval' must be provided.", code='invalid')]}
2024-06-25 18:26:04,606 [INFO] journey: Journey event is posted successfully.
2024-06-25 18:26:05,351 [INFO] journey: {'journey_id': 19}
2024-06-25 18:26:05,409 [INFO] journey: Journey events with  journey id 19 retrieved successfully.
2024-06-25 18:26:45,928 [INFO] journey: {'journey_id': 19}
2024-06-25 18:26:45,992 [INFO] journey: Journey events with  journey id 19 retrieved successfully.
2024-06-25 18:27:14,744 [INFO] journey: {'journey_id': 19}
2024-06-25 18:27:14,812 [INFO] journey: Journey events with  journey id 19 retrieved successfully.
2024-06-25 18:28:05,402 [INFO] journey: {'journey_id': 19}
2024-06-25 18:28:05,458 [INFO] journey: Journey events with  journey id 19 retrieved successfully.
2024-06-25 18:28:36,012 [WARNING] journey: Invalid data provided: {'non_field_errors': [ErrorDetail(string="Either 'immediately' or 'relative_time_period_interval' must be provided.", code='invalid')]}
2024-06-25 18:28:39,683 [INFO] journey: Journey event is posted successfully.
2024-06-25 18:28:40,376 [INFO] journey: {'journey_id': 19}
2024-06-25 18:28:40,432 [INFO] journey: Journey events with  journey id 19 retrieved successfully.
2024-06-25 18:29:15,500 [INFO] journey: {'journey_id': 19}
2024-06-25 18:29:15,557 [INFO] journey: Journey events with  journey id 19 retrieved successfully.
2024-06-25 18:29:42,908 [INFO] journey: Journey event is posted successfully.
2024-06-25 18:29:43,766 [INFO] journey: {'journey_id': 19}
2024-06-25 18:29:43,832 [INFO] journey: Journey events with  journey id 19 retrieved successfully.
2024-06-25 18:29:44,480 [INFO] journey: Fetching details for job ID: 66
2024-06-25 18:29:44,542 [INFO] journey: Fetching candidate statuses for status: In Process
2024-06-25 18:29:44,607 [INFO] journey: Fetching journey events for journey ID: None
2024-06-25 18:29:44,668 [INFO] journey: Successfully fetched data for job ID: 66
2024-06-25 18:29:57,673 [INFO] journey: Fetching details for job ID: 2
2024-06-25 18:29:57,742 [INFO] journey: Fetching candidate statuses for status: In Process
2024-06-25 18:29:57,810 [INFO] journey: Fetching journey events for journey ID: 1
2024-06-25 18:29:57,879 [INFO] journey: Fetching status counts for journey event ID: 2
2024-06-25 18:29:57,951 [INFO] journey: Fetching status counts for journey event ID: 3
2024-06-25 18:29:58,055 [INFO] journey: Successfully fetched data for job ID: 2
2024-06-25 18:30:14,786 [INFO] journey: {'journey_id': 16}
2024-06-25 18:30:14,850 [INFO] journey: Journey events with  journey id 16 retrieved successfully.
2024-06-25 18:30:50,118 [INFO] journey: Journeys created successfully.
2024-06-25 18:30:52,541 [INFO] journey: {'journey_id': 20}
2024-06-25 18:30:52,608 [WARNING] journey: No journey events found for journey_id 20.
2024-06-25 18:31:26,331 [WARNING] journey: Invalid data provided: {'non_field_errors': [ErrorDetail(string="Either 'immediately' or 'relative_time_period_interval' must be provided.", code='invalid')]}
2024-06-25 18:31:31,590 [INFO] journey: Journey event is posted successfully.
2024-06-25 18:31:32,352 [INFO] journey: {'journey_id': 20}
2024-06-25 18:31:32,420 [INFO] journey: Journey events with  journey id 20 retrieved successfully.
2024-06-25 18:31:59,708 [WARNING] journey: Invalid data provided: {'non_field_errors': [ErrorDetail(string="Either 'immediately' or 'relative_time_period_interval' must be provided.", code='invalid')]}
2024-06-25 18:32:05,640 [INFO] journey: Journey event is posted successfully.
2024-06-25 18:32:06,355 [INFO] journey: {'journey_id': 20}
2024-06-25 18:32:06,420 [INFO] journey: Journey events with  journey id 20 retrieved successfully.
2024-06-25 18:32:42,803 [INFO] journey: Journeys retrieved successfully.
2024-06-25 18:32:50,428 [INFO] journey: Journeys retrieved successfully.
2024-06-25 18:36:11,163 [INFO] journey: {'journey_id': 20}
2024-06-25 18:36:11,228 [INFO] journey: Journey events with  journey id 20 retrieved successfully.
2024-06-25 18:36:11,967 [INFO] journey: {'journey_id': 19}
2024-06-25 18:36:12,030 [INFO] journey: Journey events with  journey id 19 retrieved successfully.
2024-06-25 18:36:33,269 [INFO] journey: Journey event is posted successfully.
2024-06-25 18:36:34,070 [INFO] journey: {'journey_id': 20}
2024-06-25 18:36:34,135 [INFO] journey: Journey events with  journey id 20 retrieved successfully.
2024-06-25 18:37:34,682 [INFO] journey: Journeys retrieved successfully.
2024-06-25 18:38:19,541 [INFO] journey: {'journey_id': 20}
2024-06-25 18:38:19,598 [INFO] journey: Journey events with  journey id 20 retrieved successfully.
2024-06-25 18:38:19,932 [INFO] journey: {'journey_id': 19}
2024-06-25 18:38:19,999 [INFO] journey: Journey events with  journey id 19 retrieved successfully.
2024-06-25 18:40:03,698 [INFO] journey: {'journey_id': 20}
2024-06-25 18:40:03,756 [INFO] journey: Journey events with  journey id 20 retrieved successfully.
2024-06-25 18:40:03,773 [INFO] journey: {'journey_id': 19}
2024-06-25 18:40:03,832 [INFO] journey: Journey events with  journey id 19 retrieved successfully.
2024-06-25 18:42:39,654 [INFO] journey: {'journey_id': 19}
2024-06-25 18:42:39,712 [INFO] journey: Journey events with  journey id 19 retrieved successfully.
2024-06-25 18:42:40,677 [INFO] journey: {'journey_id': 20}
2024-06-25 18:42:40,733 [INFO] journey: Journey events with  journey id 20 retrieved successfully.
2024-06-25 18:43:00,249 [INFO] journey: {'journey_id': 20}
2024-06-25 18:43:00,320 [INFO] journey: Journey events with  journey id 20 retrieved successfully.
2024-06-25 18:43:48,084 [INFO] journey: {'journey_id': 19}
2024-06-25 18:43:48,150 [INFO] journey: Journey events with  journey id 19 retrieved successfully.
2024-06-25 18:43:50,740 [INFO] journey: {'journey_id': 20}
2024-06-25 18:43:50,798 [INFO] journey: Journey events with  journey id 20 retrieved successfully.
2024-06-26 05:36:40,725 [INFO] journey: Journeys retrieved successfully.
2024-06-26 05:59:07,006 [INFO] journey: Journeys retrieved successfully.
2024-06-26 05:59:19,183 [INFO] journey: Journeys created successfully.
2024-06-26 05:59:20,113 [INFO] journey: {'journey_id': 21}
2024-06-26 05:59:20,191 [WARNING] journey: No journey events found for journey_id 21.
2024-06-26 06:00:20,524 [INFO] journey: {'journey_id': 21}
2024-06-26 06:00:20,594 [WARNING] journey: No journey events found for journey_id 21.
2024-06-26 06:00:28,107 [INFO] journey: {'journey_id': 21}
2024-06-26 06:00:28,471 [WARNING] journey: No journey events found for journey_id 21.
2024-06-26 06:02:05,311 [INFO] journey: {'journey_id': 21}
2024-06-26 06:02:05,495 [WARNING] journey: No journey events found for journey_id 21.
2024-06-26 06:02:23,579 [INFO] journey: {'journey_id': 21}
2024-06-26 06:02:23,658 [WARNING] journey: No journey events found for journey_id 21.
2024-06-26 06:03:34,297 [INFO] journey: {'journey_id': 21}
2024-06-26 06:03:34,375 [WARNING] journey: No journey events found for journey_id 21.
2024-06-26 06:04:10,110 [INFO] journey: {'journey_id': 21}
2024-06-26 06:04:10,188 [WARNING] journey: No journey events found for journey_id 21.
2024-06-26 06:04:18,364 [INFO] journey: {'journey_id': 21}
2024-06-26 06:04:18,443 [WARNING] journey: No journey events found for journey_id 21.
2024-06-26 06:05:21,360 [INFO] journey: {'journey_id': 21}
2024-06-26 06:05:21,424 [WARNING] journey: No journey events found for journey_id 21.
2024-06-26 06:05:56,598 [INFO] journey: {'journey_id': 21}
2024-06-26 06:05:56,685 [WARNING] journey: No journey events found for journey_id 21.
2024-06-26 06:06:13,345 [INFO] journey: {'journey_id': 21}
2024-06-26 06:06:13,411 [WARNING] journey: No journey events found for journey_id 21.
2024-06-26 06:06:22,736 [INFO] journey: {'journey_id': 21}
2024-06-26 06:06:22,814 [WARNING] journey: No journey events found for journey_id 21.
2024-06-26 06:08:15,130 [INFO] journey: {'journey_id': 21}
2024-06-26 06:08:15,213 [WARNING] journey: No journey events found for journey_id 21.
2024-06-26 06:08:32,813 [INFO] journey: {'journey_id': 21}
2024-06-26 06:08:32,894 [WARNING] journey: No journey events found for journey_id 21.
2024-06-26 06:09:10,753 [INFO] journey: {'journey_id': 21}
2024-06-26 06:09:10,834 [WARNING] journey: No journey events found for journey_id 21.
2024-06-26 06:09:18,945 [INFO] journey: {'journey_id': 21}
2024-06-26 06:09:19,047 [WARNING] journey: No journey events found for journey_id 21.
2024-06-26 06:09:51,292 [INFO] journey: {'journey_id': 21}
2024-06-26 06:09:51,370 [WARNING] journey: No journey events found for journey_id 21.
2024-06-26 06:10:07,694 [INFO] journey: {'journey_id': 21}
2024-06-26 06:10:07,771 [WARNING] journey: No journey events found for journey_id 21.
2024-06-26 06:10:20,047 [INFO] journey: {'journey_id': 21}
2024-06-26 06:10:20,125 [WARNING] journey: No journey events found for journey_id 21.
2024-06-26 06:10:42,197 [INFO] journey: {'journey_id': 21}
2024-06-26 06:10:42,260 [WARNING] journey: No journey events found for journey_id 21.
2024-06-26 06:11:09,401 [INFO] journey: {'journey_id': 21}
2024-06-26 06:11:09,461 [WARNING] journey: No journey events found for journey_id 21.
2024-06-26 06:12:07,424 [INFO] journey: {'journey_id': 21}
2024-06-26 06:12:07,504 [WARNING] journey: No journey events found for journey_id 21.
2024-06-26 06:13:10,756 [INFO] journey: {'journey_id': 21}
2024-06-26 06:13:10,828 [WARNING] journey: No journey events found for journey_id 21.
2024-06-26 06:13:40,404 [INFO] journey: {'journey_id': 21}
2024-06-26 06:13:40,474 [WARNING] journey: No journey events found for journey_id 21.
2024-06-26 06:14:55,134 [INFO] journey: {'journey_id': 21}
2024-06-26 06:14:55,200 [WARNING] journey: No journey events found for journey_id 21.
2024-06-26 06:15:06,719 [INFO] journey: {'journey_id': 21}
2024-06-26 06:15:06,808 [WARNING] journey: No journey events found for journey_id 21.
2024-06-26 06:17:11,748 [INFO] journey: {'journey_id': 21}
2024-06-26 06:17:11,827 [WARNING] journey: No journey events found for journey_id 21.
2024-06-26 06:17:53,685 [WARNING] journey: Invalid data provided: {'non_field_errors': [ErrorDetail(string="Either 'immediately' or 'relative_time_period_interval' must be provided.", code='invalid')]}
2024-06-26 06:18:39,215 [INFO] journey: Journeys retrieved successfully.
2024-06-26 06:18:57,701 [INFO] journey: Journeys retrieved successfully.
2024-06-26 06:20:06,878 [INFO] journey: {'journey_id': 21}
2024-06-26 06:20:07,243 [WARNING] journey: No journey events found for journey_id 21.
2024-06-26 06:20:51,288 [INFO] journey: Journey event is posted successfully.
2024-06-26 06:21:02,344 [INFO] journey: {'journey_id': 21}
2024-06-26 06:21:02,424 [INFO] journey: Journey events with  journey id 21 retrieved successfully.
2024-06-26 06:22:20,156 [INFO] journey: {'journey_id': 21}
2024-06-26 06:22:20,235 [INFO] journey: Journey events with  journey id 21 retrieved successfully.
2024-06-26 06:22:36,589 [INFO] journey: {'journey_id': 21}
2024-06-26 06:22:36,656 [INFO] journey: Journey events with  journey id 21 retrieved successfully.
2024-06-26 06:23:37,423 [INFO] journey: Journeys retrieved successfully.
2024-06-26 06:24:10,259 [INFO] journey: {'journey_id': 21}
2024-06-26 06:24:10,424 [INFO] journey: Journey events with  journey id 21 retrieved successfully.
2024-06-26 06:26:07,905 [INFO] journey: {'journey_id': 21}
2024-06-26 06:26:07,986 [INFO] journey: Journey events with  journey id 21 retrieved successfully.
2024-06-26 06:27:05,792 [INFO] journey: {'journey_id': 21}
2024-06-26 06:27:05,867 [INFO] journey: Journey events with  journey id 21 retrieved successfully.
2024-06-26 06:27:47,995 [INFO] journey: {'journey_id': 21}
2024-06-26 06:27:48,074 [INFO] journey: Journey events with  journey id 21 retrieved successfully.
2024-06-26 06:28:26,657 [INFO] journey: {'journey_id': 21}
2024-06-26 06:28:26,738 [INFO] journey: Journey events with  journey id 21 retrieved successfully.
2024-06-26 06:29:06,933 [INFO] journey: {'journey_id': 21}
2024-06-26 06:29:07,011 [INFO] journey: Journey events with  journey id 21 retrieved successfully.
2024-06-26 06:29:19,590 [INFO] journey: {'journey_id': 21}
2024-06-26 06:29:19,670 [INFO] journey: Journey events with  journey id 21 retrieved successfully.
2024-06-26 06:29:31,697 [INFO] journey: {'journey_id': 21}
2024-06-26 06:29:31,773 [INFO] journey: Journey events with  journey id 21 retrieved successfully.
2024-06-26 06:30:02,897 [INFO] journey: {'journey_id': 21}
2024-06-26 06:30:03,189 [INFO] journey: Journey events with  journey id 21 retrieved successfully.
2024-06-26 06:30:26,612 [INFO] journey: {'journey_id': 21}
2024-06-26 06:30:26,714 [INFO] journey: Journey events with  journey id 21 retrieved successfully.
2024-06-26 06:30:43,842 [INFO] journey: {'journey_id': 21}
2024-06-26 06:30:43,935 [INFO] journey: Journey events with  journey id 21 retrieved successfully.
2024-06-26 06:31:35,737 [INFO] journey: Journeys retrieved successfully.
2024-06-26 06:33:14,887 [INFO] journey: Journeys retrieved successfully.
2024-06-26 06:33:25,981 [INFO] journey: Journeys retrieved successfully.
2024-06-26 06:33:33,863 [INFO] journey: Journeys retrieved successfully.
2024-06-26 06:35:15,287 [INFO] journey: {'journey_id': 21}
2024-06-26 06:35:15,353 [INFO] journey: Journey events with  journey id 21 retrieved successfully.
2024-06-26 06:36:01,018 [INFO] journey: {'journey_id': 21}
2024-06-26 06:36:01,085 [INFO] journey: Journey events with  journey id 21 retrieved successfully.
2024-06-26 06:37:31,098 [INFO] journey: {'journey_id': 21}
2024-06-26 06:37:31,164 [INFO] journey: Journey events with  journey id 21 retrieved successfully.
2024-06-26 06:37:49,339 [INFO] journey: {'journey_id': 21}
2024-06-26 06:37:49,457 [INFO] journey: Journey events with  journey id 21 retrieved successfully.
2024-06-26 06:38:29,885 [INFO] journey: {'journey_id': 21}
2024-06-26 06:38:29,954 [INFO] journey: Journey events with  journey id 21 retrieved successfully.
2024-06-26 06:38:50,887 [INFO] journey: {'journey_id': 21}
2024-06-26 06:38:51,038 [INFO] journey: Journey events with  journey id 21 retrieved successfully.
2024-06-26 06:44:36,980 [INFO] journey: {'journey_id': 21}
2024-06-26 06:44:37,041 [INFO] journey: Journey events with  journey id 21 retrieved successfully.
2024-06-26 06:45:02,151 [INFO] journey: {'journey_id': 21}
2024-06-26 06:45:02,569 [INFO] journey: Journey events with  journey id 21 retrieved successfully.
2024-06-26 06:46:56,211 [INFO] journey: {'journey_id': 21}
2024-06-26 06:46:56,277 [INFO] journey: Journey events with  journey id 21 retrieved successfully.
2024-06-26 06:47:45,297 [INFO] journey: {'journey_id': 21}
2024-06-26 06:47:45,365 [INFO] journey: Journey events with  journey id 21 retrieved successfully.
2024-06-26 06:48:10,919 [INFO] journey: {'journey_id': 21}
2024-06-26 06:48:11,002 [INFO] journey: Journey events with  journey id 21 retrieved successfully.
2024-06-26 06:48:16,032 [INFO] journey: {'journey_id': 21}
2024-06-26 06:48:16,120 [INFO] journey: Journey events with  journey id 21 retrieved successfully.
2024-06-26 06:48:34,360 [INFO] journey: {'journey_id': 21}
2024-06-26 06:48:34,440 [INFO] journey: Journey events with  journey id 21 retrieved successfully.
2024-06-26 06:51:14,277 [INFO] journey: {'journey_id': 21}
2024-06-26 06:51:14,332 [INFO] journey: Journey events with  journey id 21 retrieved successfully.
2024-06-26 06:52:20,368 [INFO] journey: {'journey_id': 21}
2024-06-26 06:52:20,432 [INFO] journey: Journey events with  journey id 21 retrieved successfully.
2024-06-26 06:52:58,801 [INFO] journey: {'journey_id': 21}
2024-06-26 06:52:58,858 [INFO] journey: Journey events with  journey id 21 retrieved successfully.
2024-06-26 06:54:52,827 [INFO] journey: {'journey_id': 21}
2024-06-26 06:54:52,923 [INFO] journey: Journey events with  journey id 21 retrieved successfully.
2024-06-26 06:55:47,160 [INFO] journey: {'journey_id': 21}
2024-06-26 06:55:47,235 [INFO] journey: Journey events with  journey id 21 retrieved successfully.
2024-06-26 06:56:28,216 [INFO] journey: {'journey_id': 21}
2024-06-26 06:56:28,286 [INFO] journey: Journey events with  journey id 21 retrieved successfully.
2024-06-26 06:56:54,037 [INFO] journey: {'journey_id': 21}
2024-06-26 06:56:54,093 [INFO] journey: Journey events with  journey id 21 retrieved successfully.
2024-06-26 06:57:07,161 [INFO] journey: {'journey_id': 21}
2024-06-26 06:57:07,219 [INFO] journey: Journey events with  journey id 21 retrieved successfully.
2024-06-26 06:57:21,151 [INFO] journey: {'journey_id': 21}
2024-06-26 06:57:21,219 [INFO] journey: Journey events with  journey id 21 retrieved successfully.
2024-06-26 06:57:41,282 [INFO] journey: {'journey_id': 21}
2024-06-26 06:57:41,364 [INFO] journey: Journey events with  journey id 21 retrieved successfully.
2024-06-26 06:58:10,616 [INFO] journey: Journey event is posted successfully.
2024-06-26 06:58:11,342 [INFO] journey: {'journey_id': 21}
2024-06-26 06:58:11,408 [INFO] journey: Journey events with  journey id 21 retrieved successfully.
2024-06-26 06:58:56,577 [INFO] journey: Journey event is posted successfully.
2024-06-26 06:58:57,378 [INFO] journey: {'journey_id': 21}
2024-06-26 06:58:57,452 [INFO] journey: Journey events with  journey id 21 retrieved successfully.
2024-06-26 07:00:09,022 [INFO] journey: Journey event is posted successfully.
2024-06-26 07:00:10,447 [INFO] journey: {'journey_id': 21}
2024-06-26 07:00:10,539 [INFO] journey: Journey events with  journey id 21 retrieved successfully.
2024-06-26 07:01:28,085 [INFO] journey: {'journey_id': 21}
2024-06-26 07:01:28,178 [INFO] journey: Journey events with  journey id 21 retrieved successfully.
2024-06-26 07:02:37,303 [INFO] journey: Journeys retrieved successfully.
2024-06-26 07:02:48,468 [INFO] journey: Journeys retrieved successfully.
2024-06-26 07:04:06,571 [INFO] journey: {'journey_id': 21}
2024-06-26 07:04:06,632 [INFO] journey: Journey events with  journey id 21 retrieved successfully.
2024-06-26 07:04:37,969 [INFO] journey: Journey event is posted successfully.
2024-06-26 07:04:39,728 [INFO] journey: {'journey_id': 21}
2024-06-26 07:04:39,820 [INFO] journey: Journey events with  journey id 21 retrieved successfully.
2024-06-26 07:05:55,605 [INFO] journey: {'journey_id': 21}
2024-06-26 07:05:55,674 [INFO] journey: Journey events with  journey id 21 retrieved successfully.
2024-06-26 07:10:42,681 [INFO] journey: {'journey_id': 21}
2024-06-26 07:10:42,751 [INFO] journey: Journey events with  journey id 21 retrieved successfully.
2024-06-26 07:10:52,394 [INFO] journey: Journeys retrieved successfully.
2024-06-26 07:12:19,640 [INFO] journey: Journeys retrieved successfully.
2024-06-26 07:12:54,075 [INFO] journey: Journeys retrieved successfully.
2024-06-26 07:13:14,465 [INFO] journey: Journeys retrieved successfully.
2024-06-26 07:14:47,331 [INFO] journey: {'journey_id': 21}
2024-06-26 07:14:47,394 [INFO] journey: Journey events with  journey id 21 retrieved successfully.
2024-06-26 07:15:40,982 [INFO] journey: {'journey_id': 21}
2024-06-26 07:15:41,047 [INFO] journey: Journey events with  journey id 21 retrieved successfully.
2024-06-26 07:16:57,992 [INFO] journey: Journeys retrieved successfully.
2024-06-26 07:17:56,692 [INFO] journey: {'journey_id': 21}
2024-06-26 07:17:56,758 [INFO] journey: Journey events with  journey id 21 retrieved successfully.
2024-06-26 07:18:30,997 [INFO] journey: Journeys retrieved successfully.
2024-06-26 07:19:09,451 [INFO] journey: {'journey_id': 21}
2024-06-26 07:19:09,536 [INFO] journey: Journey events with  journey id 21 retrieved successfully.
2024-06-26 07:20:53,442 [INFO] journey: {'journey_id': 21}
2024-06-26 07:20:53,504 [INFO] journey: Journey events with  journey id 21 retrieved successfully.
2024-06-26 07:21:21,122 [INFO] journey: {'journey_id': 21}
2024-06-26 07:21:21,188 [INFO] journey: Journey events with  journey id 21 retrieved successfully.
2024-06-26 07:22:40,934 [INFO] journey: {'journey_id': 21}
2024-06-26 07:22:40,996 [INFO] journey: Journey events with  journey id 21 retrieved successfully.
2024-06-26 07:22:47,183 [INFO] journey: {'journey_id': 21}
2024-06-26 07:22:47,243 [INFO] journey: Journey events with  journey id 21 retrieved successfully.
2024-06-26 07:24:06,233 [INFO] journey: {'journey_id': 21}
2024-06-26 07:24:06,479 [INFO] journey: Journey events with  journey id 21 retrieved successfully.
2024-06-26 07:25:27,993 [INFO] journey: {'journey_id': 21}
2024-06-26 07:25:28,053 [INFO] journey: Journey events with  journey id 21 retrieved successfully.
2024-06-26 07:25:47,807 [INFO] journey: {'journey_id': 21}
2024-06-26 07:25:47,863 [INFO] journey: Journey events with  journey id 21 retrieved successfully.
2024-06-26 07:26:12,372 [INFO] journey: {'journey_id': 21}
2024-06-26 07:26:12,432 [INFO] journey: Journey events with  journey id 21 retrieved successfully.
2024-06-26 07:27:04,260 [INFO] journey: {'journey_id': 21}
2024-06-26 07:27:04,322 [INFO] journey: Journey events with  journey id 21 retrieved successfully.
2024-06-26 07:27:49,255 [INFO] journey: {'journey_id': 21}
2024-06-26 07:27:49,313 [INFO] journey: Journey events with  journey id 21 retrieved successfully.
2024-06-26 07:28:20,279 [INFO] journey: {'journey_id': 21}
2024-06-26 07:28:20,339 [INFO] journey: Journey events with  journey id 21 retrieved successfully.
2024-06-26 07:31:54,328 [INFO] journey: {'journey_id': 21}
2024-06-26 07:31:54,387 [INFO] journey: Journey events with  journey id 21 retrieved successfully.
2024-06-26 07:31:59,413 [INFO] journey: {'journey_id': 21}
2024-06-26 07:31:59,474 [INFO] journey: Journey events with  journey id 21 retrieved successfully.
2024-06-26 07:33:59,928 [INFO] journey: {'journey_id': 21}
2024-06-26 07:34:00,002 [INFO] journey: Journey events with  journey id 21 retrieved successfully.
2024-06-26 07:35:18,217 [INFO] journey: {'journey_id': 21}
2024-06-26 07:35:18,288 [INFO] journey: Journey events with  journey id 21 retrieved successfully.
2024-06-26 07:37:21,203 [INFO] journey: {'journey_id': 21}
2024-06-26 07:37:21,262 [INFO] journey: Journey events with  journey id 21 retrieved successfully.
2024-06-26 07:39:29,549 [INFO] journey: {'journey_id': 21}
2024-06-26 07:39:29,641 [INFO] journey: Journey events with  journey id 21 retrieved successfully.
2024-06-26 07:40:56,821 [INFO] journey: {'journey_id': 21}
2024-06-26 07:40:56,876 [INFO] journey: Journey events with  journey id 21 retrieved successfully.
2024-06-26 07:50:40,177 [INFO] journey: {'journey_id': 21}
2024-06-26 07:50:40,242 [INFO] journey: Journey events with  journey id 21 retrieved successfully.
2024-06-26 07:51:40,064 [INFO] journey: {'journey_id': 21}
2024-06-26 07:51:40,145 [INFO] journey: Journey events with  journey id 21 retrieved successfully.
2024-06-26 07:52:39,804 [INFO] journey: {'journey_id': 21}
2024-06-26 07:52:39,893 [INFO] journey: Journey events with  journey id 21 retrieved successfully.
2024-06-26 07:53:56,900 [INFO] journey: {'journey_id': 21}
2024-06-26 07:53:56,970 [INFO] journey: Journey events with  journey id 21 retrieved successfully.
2024-06-26 07:55:40,314 [INFO] journey: {'journey_id': 21}
2024-06-26 07:55:40,374 [INFO] journey: Journey events with  journey id 21 retrieved successfully.
2024-06-26 07:57:27,487 [INFO] journey: Journeys retrieved successfully.
2024-06-26 07:57:34,356 [INFO] journey: {'journey_id': 21}
2024-06-26 07:57:34,416 [INFO] journey: Journey events with  journey id 21 retrieved successfully.
2024-06-26 07:57:36,663 [INFO] journey: Journeys retrieved successfully.
2024-06-26 07:58:14,288 [INFO] journey: Fetching details for job ID: 66
2024-06-26 07:58:14,364 [INFO] journey: Fetching candidate statuses for status: In Process
2024-06-26 07:58:14,429 [INFO] journey: Fetching journey events for journey ID: None
2024-06-26 07:58:14,488 [INFO] journey: Successfully fetched data for job ID: 66
2024-06-26 07:58:19,582 [INFO] journey: Fetching details for job ID: 2
2024-06-26 07:58:19,664 [INFO] journey: Fetching candidate statuses for status: In Process
2024-06-26 07:58:19,728 [INFO] journey: Fetching journey events for journey ID: 1
2024-06-26 07:58:19,790 [INFO] journey: Fetching status counts for journey event ID: 2
2024-06-26 07:58:19,856 [INFO] journey: Fetching status counts for journey event ID: 3
2024-06-26 07:58:19,920 [INFO] journey: Successfully fetched data for job ID: 2
2024-06-26 07:58:20,726 [INFO] journey: {'journey_id': 21}
2024-06-26 07:58:20,788 [INFO] journey: Journey events with  journey id 21 retrieved successfully.
2024-06-26 07:58:54,910 [WARNING] journey: Invalid data provided: {'non_field_errors': [ErrorDetail(string="Either 'immediately' or 'relative_time_period_interval' must be provided.", code='invalid')]}
2024-06-26 07:59:37,873 [WARNING] journey: Invalid data provided: {'non_field_errors': [ErrorDetail(string="Either 'immediately' or 'relative_time_period_interval' must be provided.", code='invalid')]}
2024-06-26 07:59:44,336 [INFO] journey: Journey event is posted successfully.
2024-06-26 07:59:45,085 [INFO] journey: {'journey_id': 21}
2024-06-26 07:59:45,152 [INFO] journey: Journey events with  journey id 21 retrieved successfully.
2024-06-26 07:59:54,109 [INFO] journey: Journeys retrieved successfully.
2024-06-26 08:01:18,534 [INFO] journey: Journeys retrieved successfully.
2024-06-26 08:01:21,457 [INFO] journey: {'journey_id': 1}
2024-06-26 08:01:21,518 [INFO] journey: Journey events with  journey id 1 retrieved successfully.
2024-06-26 08:01:37,410 [INFO] journey: Journeys retrieved successfully.
2024-06-26 08:01:48,770 [INFO] journey: {'journey_id': 21}
2024-06-26 08:01:48,826 [INFO] journey: Journey events with  journey id 21 retrieved successfully.
2024-06-26 08:01:59,063 [INFO] journey: Journeys retrieved successfully.
2024-06-26 08:02:09,069 [INFO] journey: Journeys retrieved successfully.
2024-06-26 08:03:57,084 [INFO] journey: {'journey_id': 21}
2024-06-26 08:03:57,146 [INFO] journey: Journey events with  journey id 21 retrieved successfully.
2024-06-26 08:05:27,231 [WARNING] journey: Invalid data provided: {'non_field_errors': [ErrorDetail(string="Either 'immediately' or 'relative_time_period_interval' must be provided.", code='invalid')]}
2024-06-26 08:05:33,400 [INFO] journey: Journey event is posted successfully.
2024-06-26 08:05:34,131 [INFO] journey: {'journey_id': 21}
2024-06-26 08:05:34,190 [INFO] journey: Journey events with  journey id 21 retrieved successfully.
2024-06-26 08:09:20,776 [INFO] journey: {'journey_id': 21}
2024-06-26 08:09:20,830 [INFO] journey: Journey events with  journey id 21 retrieved successfully.
2024-06-26 08:10:22,767 [INFO] journey: Journeys retrieved successfully.
2024-06-26 08:10:33,858 [INFO] journey: {'journey_id': 1}
2024-06-26 08:10:33,918 [INFO] journey: Journey events with  journey id 1 retrieved successfully.
2024-06-26 08:11:03,880 [INFO] journey: Journeys retrieved successfully.
2024-06-26 08:11:10,978 [INFO] journey: Journeys retrieved successfully.
2024-06-26 08:11:49,360 [INFO] journey: Journeys created successfully.
2024-06-26 08:11:50,744 [INFO] journey: {'journey_id': 22}
2024-06-26 08:11:50,803 [WARNING] journey: No journey events found for journey_id 22.
2024-06-26 08:12:25,348 [INFO] journey: Journey event is posted successfully.
2024-06-26 08:12:27,111 [INFO] journey: {'journey_id': 22}
2024-06-26 08:12:27,168 [INFO] journey: Journey events with  journey id 22 retrieved successfully.
2024-06-26 08:13:16,466 [INFO] journey: Journeys retrieved successfully.
2024-06-26 08:13:43,859 [WARNING] journey: Invalid data provided: {'non_field_errors': [ErrorDetail(string="Either 'immediately' or 'relative_time_period_interval' must be provided.", code='invalid')]}
2024-06-26 08:13:49,520 [WARNING] journey: Invalid data provided: {'skills': [ErrorDetail(string="This field is required for 'Bot Call' interview type.", code='invalid')]}
2024-06-26 08:14:07,843 [INFO] journey: Journey event is posted successfully.
2024-06-26 08:14:08,710 [INFO] journey: {'journey_id': 22}
2024-06-26 08:14:08,764 [INFO] journey: Journey events with  journey id 22 retrieved successfully.
2024-06-26 08:14:36,284 [INFO] journey: Journey event with id 55 updated successfully.
2024-06-26 08:14:36,967 [INFO] journey: {'journey_id': 22}
2024-06-26 08:14:37,027 [INFO] journey: Journey events with  journey id 22 retrieved successfully.
2024-06-26 08:15:16,137 [WARNING] journey: Invalid data provided: {'non_field_errors': [ErrorDetail(string="Either 'immediately' or 'relative_time_period_interval' must be provided.", code='invalid')]}
2024-06-26 08:15:30,244 [INFO] journey: Journey event is posted successfully.
2024-06-26 08:15:31,340 [INFO] journey: {'journey_id': 22}
2024-06-26 08:15:31,398 [INFO] journey: Journey events with  journey id 22 retrieved successfully.
2024-06-26 08:18:41,911 [INFO] journey: {'journey_id': 22}
2024-06-26 08:18:41,966 [INFO] journey: Journey events with  journey id 22 retrieved successfully.
2024-06-26 08:25:55,943 [INFO] journey: Journeys retrieved successfully.
2024-06-26 08:26:14,235 [INFO] journey: {'journey_id': 2}
2024-06-26 08:26:14,298 [INFO] journey: Journey events with  journey id 2 retrieved successfully.
2024-06-26 08:26:34,457 [INFO] journey: {'journey_id': 2}
2024-06-26 08:26:34,514 [INFO] journey: Journey events with  journey id 2 retrieved successfully.
2024-06-26 08:29:41,517 [INFO] journey: Journeys retrieved successfully.
2024-06-26 08:33:14,793 [INFO] journey: Journeys retrieved successfully.
2024-06-26 08:33:19,238 [INFO] journey: Journeys retrieved successfully.
2024-06-26 08:37:13,708 [INFO] journey: {'journey_id': 22}
2024-06-26 08:37:13,767 [INFO] journey: Journey events with  journey id 22 retrieved successfully.
2024-06-26 08:37:16,728 [INFO] journey: Journeys retrieved successfully.
2024-06-26 08:37:17,307 [INFO] journey: Journeys retrieved successfully.
2024-06-26 08:37:22,269 [INFO] journey: Journeys retrieved successfully.
2024-06-26 08:37:24,559 [INFO] journey: {'journey_id': 2}
2024-06-26 08:37:24,617 [INFO] journey: Journey events with  journey id 2 retrieved successfully.
2024-06-26 09:16:08,691 [INFO] journey: Journeys retrieved successfully.
2024-06-26 09:16:11,746 [INFO] journey: Journeys retrieved successfully.
2024-06-26 09:16:44,089 [INFO] journey: Journeys retrieved successfully.
2024-06-26 09:23:57,001 [INFO] journey: Journeys retrieved successfully.
2024-06-26 09:32:28,351 [INFO] journey: Journeys retrieved successfully.
2024-06-26 09:32:41,942 [INFO] journey: Journeys created successfully.
2024-06-26 09:32:44,775 [INFO] journey: {'journey_id': 25}
2024-06-26 09:32:44,832 [WARNING] journey: No journey events found for journey_id 25.
2024-06-26 09:32:45,909 [INFO] journey: Journeys created successfully.
2024-06-26 09:33:31,022 [INFO] journey: Journey event is posted successfully.
2024-06-26 09:33:34,965 [INFO] journey: {'journey_id': 26}
2024-06-26 09:33:35,030 [INFO] journey: Journey events with  journey id 26 retrieved successfully.
2024-06-26 09:34:48,655 [INFO] journey: Journeys retrieved successfully.
2024-06-26 09:36:22,494 [INFO] journey: {'journey_id': 26}
2024-06-26 09:36:22,576 [INFO] journey: Journey events with  journey id 26 retrieved successfully.
2024-06-26 09:36:34,570 [INFO] journey: Journeys retrieved successfully.
2024-06-26 09:37:17,695 [INFO] journey: Journey event with id 57 updated successfully.
2024-06-26 09:37:18,383 [INFO] journey: {'journey_id': 26}
2024-06-26 09:37:18,439 [INFO] journey: Journey events with  journey id 26 retrieved successfully.
2024-06-26 09:37:34,708 [INFO] journey: Journeys retrieved successfully.
2024-06-26 09:38:12,223 [INFO] journey: Journey event is posted successfully.
2024-06-26 09:38:12,899 [INFO] journey: {'journey_id': 26}
2024-06-26 09:38:12,954 [INFO] journey: Journey events with  journey id 26 retrieved successfully.
2024-06-26 09:39:15,576 [INFO] journey: {'journey_id': 26}
2024-06-26 09:39:15,661 [INFO] journey: Journey events with  journey id 26 retrieved successfully.
2024-06-26 09:39:15,778 [INFO] journey: Journeys retrieved successfully.
2024-06-26 09:39:29,177 [INFO] journey: {'journey_id': 26}
2024-06-26 09:39:29,257 [INFO] journey: Journey events with  journey id 26 retrieved successfully.
2024-06-26 09:39:29,890 [INFO] journey: Journeys retrieved successfully.
2024-06-26 09:40:50,693 [WARNING] journey: Invalid data provided: {'city': [ErrorDetail(string="This field should be null when 'Mark_as_Online' is True for 'One on one' interview type.", code='invalid')]}
2024-06-26 09:40:55,367 [WARNING] journey: Invalid data provided: {'city': [ErrorDetail(string="This field should be null when 'Mark_as_Online' is True for 'One on one' interview type.", code='invalid')]}
2024-06-26 09:41:24,999 [INFO] journey: Journeys retrieved successfully.
2024-06-26 09:41:40,359 [WARNING] journey: Invalid data provided: {'state': [ErrorDetail(string="This field should be null when 'Mark_as_Online' is True for 'One on one' interview type.", code='invalid')]}
2024-06-26 09:41:42,069 [WARNING] journey: Invalid data provided: {'state': [ErrorDetail(string="This field should be null when 'Mark_as_Online' is True for 'One on one' interview type.", code='invalid')]}
2024-06-26 09:41:42,101 [WARNING] journey: Invalid data provided: {'state': [ErrorDetail(string="This field should be null when 'Mark_as_Online' is True for 'One on one' interview type.", code='invalid')]}
2024-06-26 09:41:42,293 [WARNING] journey: Invalid data provided: {'state': [ErrorDetail(string="This field should be null when 'Mark_as_Online' is True for 'One on one' interview type.", code='invalid')]}
2024-06-26 09:41:42,650 [WARNING] journey: Invalid data provided: {'state': [ErrorDetail(string="This field should be null when 'Mark_as_Online' is True for 'One on one' interview type.", code='invalid')]}
2024-06-26 09:41:42,712 [WARNING] journey: Invalid data provided: {'state': [ErrorDetail(string="This field should be null when 'Mark_as_Online' is True for 'One on one' interview type.", code='invalid')]}
2024-06-26 09:42:06,888 [INFO] journey: Journeys retrieved successfully.
2024-06-26 09:42:37,466 [WARNING] journey: Invalid data provided: {'state': [ErrorDetail(string="This field should be null when 'Mark_as_Online' is True for 'One on one' interview type.", code='invalid')]}
2024-06-26 09:43:05,621 [INFO] journey: Journeys retrieved successfully.
2024-06-26 09:43:36,123 [INFO] journey: Journeys retrieved successfully.
2024-06-26 09:43:58,735 [INFO] journey: Journeys retrieved successfully.
2024-06-26 09:44:27,205 [INFO] journey: Journeys retrieved successfully.
2024-06-26 09:44:48,808 [INFO] journey: {'journey_id': 26}
2024-06-26 09:44:48,931 [INFO] journey: Journey events with  journey id 26 retrieved successfully.
2024-06-26 09:44:52,321 [INFO] journey: Journeys retrieved successfully.
2024-06-26 09:44:54,491 [INFO] journey: {'journey_id': 26}
2024-06-26 09:44:54,588 [INFO] journey: Journey events with  journey id 26 retrieved successfully.
2024-06-26 09:45:04,112 [INFO] journey: Journeys retrieved successfully.
2024-06-26 09:45:07,818 [INFO] journey: {'journey_id': 26}
2024-06-26 09:45:07,963 [INFO] journey: Journey events with  journey id 26 retrieved successfully.
2024-06-26 09:45:09,589 [INFO] journey: Journeys retrieved successfully.
2024-06-26 09:45:26,867 [INFO] journey: Journeys retrieved successfully.
2024-06-26 09:45:32,768 [INFO] journey: {'journey_id': 26}
2024-06-26 09:45:32,833 [INFO] journey: Journey events with  journey id 26 retrieved successfully.
2024-06-26 09:45:41,962 [INFO] journey: Journeys retrieved successfully.
2024-06-26 09:45:56,870 [INFO] journey: Journeys retrieved successfully.
2024-06-26 09:46:03,632 [INFO] journey: {'journey_id': 26}
2024-06-26 09:46:04,527 [INFO] journey: Journey events with  journey id 26 retrieved successfully.
2024-06-26 09:46:14,861 [INFO] journey: Journeys retrieved successfully.
2024-06-26 09:46:14,914 [INFO] journey: {'journey_id': 26}
2024-06-26 09:46:14,999 [INFO] journey: Journey events with  journey id 26 retrieved successfully.
2024-06-26 09:46:33,451 [INFO] journey: Journeys retrieved successfully.
2024-06-26 09:46:50,065 [INFO] journey: {'journey_id': 26}
2024-06-26 09:46:50,184 [INFO] journey: Journey events with  journey id 26 retrieved successfully.
2024-06-26 09:46:51,396 [INFO] journey: Journeys retrieved successfully.
2024-06-26 09:47:04,968 [INFO] journey: Journeys retrieved successfully.
2024-06-26 09:47:07,244 [INFO] journey: {'journey_id': 26}
2024-06-26 09:47:07,392 [INFO] journey: Journey events with  journey id 26 retrieved successfully.
2024-06-26 09:47:09,765 [INFO] journey: Journeys retrieved successfully.
2024-06-26 09:47:11,180 [INFO] journey: {'journey_id': 26}
2024-06-26 09:47:11,282 [INFO] journey: Journey events with  journey id 26 retrieved successfully.
2024-06-26 09:47:44,141 [INFO] journey: Journeys retrieved successfully.
2024-06-26 09:47:45,580 [INFO] journey: Journey event is posted successfully.
2024-06-26 09:47:46,796 [INFO] journey: {'journey_id': 26}
2024-06-26 09:47:46,895 [INFO] journey: Journey events with  journey id 26 retrieved successfully.
2024-06-26 09:48:01,089 [INFO] journey: Journeys retrieved successfully.
2024-06-26 09:48:41,253 [INFO] journey: Journeys retrieved successfully.
2024-06-26 09:48:44,676 [INFO] journey: {'journey_id': 26}
2024-06-26 09:48:44,732 [INFO] journey: Journey events with  journey id 26 retrieved successfully.
2024-06-26 09:48:54,571 [INFO] journey: Journeys retrieved successfully.
2024-06-26 09:48:54,870 [INFO] journey: {'journey_id': 26}
2024-06-26 09:48:54,939 [INFO] journey: Journey events with  journey id 26 retrieved successfully.
2024-06-26 09:49:18,204 [INFO] journey: Journeys retrieved successfully.
2024-06-26 09:49:19,808 [INFO] journey: Journeys retrieved successfully.
2024-06-26 09:49:23,413 [INFO] journey: {'journey_id': 26}
2024-06-26 09:49:23,496 [INFO] journey: Journey events with  journey id 26 retrieved successfully.
2024-06-26 09:49:26,721 [INFO] journey: Journeys retrieved successfully.
2024-06-26 09:49:41,753 [INFO] journey: {'journey_id': 26}
2024-06-26 09:49:41,823 [INFO] journey: Journey events with  journey id 26 retrieved successfully.
2024-06-26 09:49:50,214 [INFO] journey: Journeys retrieved successfully.
2024-06-26 09:49:52,477 [INFO] journey: {'journey_id': 26}
2024-06-26 09:49:52,530 [INFO] journey: Journey events with  journey id 26 retrieved successfully.
2024-06-26 09:50:07,275 [INFO] journey: Journeys retrieved successfully.
2024-06-26 09:50:14,053 [INFO] journey: Journeys retrieved successfully.
2024-06-26 09:50:19,868 [INFO] journey: Journeys retrieved successfully.
2024-06-26 09:50:22,072 [INFO] journey: {'journey_id': 26}
2024-06-26 09:50:22,226 [INFO] journey: Journey events with  journey id 26 retrieved successfully.
2024-06-26 09:50:47,116 [INFO] journey: {'journey_id': 26}
2024-06-26 09:50:47,175 [INFO] journey: Journey events with  journey id 26 retrieved successfully.
2024-06-26 09:50:48,499 [INFO] journey: Journeys retrieved successfully.
2024-06-26 09:51:12,349 [INFO] journey: {'journey_id': 26}
2024-06-26 09:51:12,756 [INFO] journey: Journey events with  journey id 26 retrieved successfully.
2024-06-26 09:51:14,154 [INFO] journey: Journeys retrieved successfully.
2024-06-26 09:51:20,662 [INFO] journey: Journeys retrieved successfully.
2024-06-26 09:51:24,856 [INFO] journey: {'journey_id': 26}
2024-06-26 09:51:25,055 [INFO] journey: Journey events with  journey id 26 retrieved successfully.
2024-06-26 09:51:33,810 [INFO] journey: Journeys retrieved successfully.
2024-06-26 09:51:38,614 [INFO] journey: {'journey_id': 26}
2024-06-26 09:51:38,678 [INFO] journey: Journey events with  journey id 26 retrieved successfully.
2024-06-26 09:51:45,487 [INFO] journey: {'journey_id': 26}
2024-06-26 09:51:45,557 [INFO] journey: Journey events with  journey id 26 retrieved successfully.
2024-06-26 09:51:46,060 [INFO] journey: Journeys retrieved successfully.
2024-06-26 09:51:53,271 [INFO] journey: Journeys retrieved successfully.
2024-06-26 09:52:00,916 [INFO] journey: Journeys retrieved successfully.
2024-06-26 09:52:02,706 [INFO] journey: {'journey_id': 26}
2024-06-26 09:52:02,875 [INFO] journey: Journey events with  journey id 26 retrieved successfully.
2024-06-26 09:52:11,628 [INFO] journey: Journeys retrieved successfully.
2024-06-26 09:52:14,838 [INFO] journey: {'journey_id': 26}
2024-06-26 09:52:15,364 [INFO] journey: Journey events with  journey id 26 retrieved successfully.
2024-06-26 09:52:21,791 [INFO] journey: Journeys retrieved successfully.
2024-06-26 09:52:21,897 [INFO] journey: {'journey_id': 26}
2024-06-26 09:52:22,019 [INFO] journey: Journey events with  journey id 26 retrieved successfully.
2024-06-26 09:52:34,996 [INFO] journey: Journeys retrieved successfully.
2024-06-26 09:55:08,281 [INFO] journey: {'journey_id': 26}
2024-06-26 09:55:08,353 [INFO] journey: Journey events with  journey id 26 retrieved successfully.
2024-06-26 09:56:08,928 [INFO] journey: {'journey_id': 22}
2024-06-26 09:56:08,988 [INFO] journey: Journey events with  journey id 22 retrieved successfully.
2024-06-26 09:56:11,088 [INFO] journey: {'journey_id': 26}
2024-06-26 09:56:11,162 [INFO] journey: Journey events with  journey id 26 retrieved successfully.
2024-06-26 09:56:15,025 [INFO] journey: {'journey_id': 26}
2024-06-26 09:56:15,213 [INFO] journey: Journey events with  journey id 26 retrieved successfully.
2024-06-26 09:56:50,453 [INFO] journey: Journey event with id 57 updated successfully.
2024-06-26 09:56:50,548 [INFO] journey: Journey event with id 57 updated successfully.
2024-06-26 09:56:52,048 [INFO] journey: Journey event with id 57 updated successfully.
2024-06-26 09:56:52,084 [INFO] journey: Journey event with id 57 updated successfully.
2024-06-26 09:56:52,323 [INFO] journey: Journey event with id 57 updated successfully.
2024-06-26 09:56:52,438 [INFO] journey: Journey event with id 57 updated successfully.
2024-06-26 09:56:52,864 [INFO] journey: {'journey_id': 26}
2024-06-26 09:56:52,952 [INFO] journey: Journey events with  journey id 26 retrieved successfully.
2024-06-26 09:56:53,919 [INFO] journey: Journey event with id 57 updated successfully.
2024-06-26 09:56:54,454 [INFO] journey: {'journey_id': 26}
2024-06-26 09:56:54,615 [INFO] journey: Journey events with  journey id 26 retrieved successfully.
2024-06-26 09:56:55,416 [INFO] journey: Journeys retrieved successfully.
2024-06-26 09:56:55,836 [INFO] journey: {'journey_id': 26}
2024-06-26 09:56:55,909 [INFO] journey: Journey events with  journey id 26 retrieved successfully.
2024-06-26 09:56:57,524 [INFO] journey: {'journey_id': 26}
2024-06-26 09:56:57,631 [INFO] journey: Journey events with  journey id 26 retrieved successfully.
2024-06-26 09:57:32,128 [ERROR] journey: No jobs to add whose journey is not updated in AddToJobss.
2024-06-26 09:57:40,736 [INFO] journey: Journeys retrieved successfully.
2024-06-26 09:57:45,896 [INFO] journey: {'journey_id': 26}
2024-06-26 09:57:45,962 [INFO] journey: Journey events with  journey id 26 retrieved successfully.
2024-06-26 09:58:04,384 [INFO] journey: {'journey_id': 26}
2024-06-26 09:58:04,539 [INFO] journey: Journey events with  journey id 26 retrieved successfully.
2024-06-26 09:58:10,634 [ERROR] journey: An error occurred: (1054, "Unknown column 'is_ne_added' in 'field list'")
2024-06-26 09:58:19,824 [INFO] journey: {'journey_id': 26}
2024-06-26 09:58:19,949 [INFO] journey: Journey events with  journey id 26 retrieved successfully.
2024-06-26 09:58:40,664 [INFO] journey: {'journey_id': 26}
2024-06-26 09:58:40,858 [INFO] journey: Journey events with  journey id 26 retrieved successfully.
2024-06-26 09:59:19,132 [WARNING] journey: Invalid data provided: {'non_field_errors': [ErrorDetail(string="Either 'immediately' or 'relative_time_period_interval' must be provided.", code='invalid')]}
2024-06-26 09:59:25,996 [INFO] journey: Journey event is posted successfully.
2024-06-26 09:59:26,750 [INFO] journey: {'journey_id': 26}
2024-06-26 09:59:26,818 [INFO] journey: Journey events with  journey id 26 retrieved successfully.
2024-06-26 09:59:44,457 [INFO] journey: Journey event with id 59 updated successfully.
2024-06-26 09:59:45,138 [INFO] journey: {'journey_id': 26}
2024-06-26 09:59:45,196 [INFO] journey: Journey events with  journey id 26 retrieved successfully.
2024-06-26 09:59:46,689 [INFO] journey: Journeys retrieved successfully.
2024-06-26 09:59:51,431 [INFO] journey: Journey event with id 59 updated successfully.
2024-06-26 09:59:52,053 [INFO] journey: Journey event with id 59 updated successfully.
2024-06-26 09:59:52,148 [INFO] journey: {'journey_id': 26}
2024-06-26 09:59:52,204 [INFO] journey: Journey events with  journey id 26 retrieved successfully.
2024-06-26 09:59:52,666 [INFO] journey: Journey event with id 59 updated successfully.
2024-06-26 09:59:52,836 [INFO] journey: Journey event with id 59 updated successfully.
2024-06-26 09:59:55,625 [INFO] journey: {'journey_id': 26}
2024-06-26 09:59:55,696 [INFO] journey: Journey events with  journey id 26 retrieved successfully.
2024-06-26 09:59:56,569 [INFO] journey: {'journey_id': 26}
2024-06-26 09:59:56,639 [INFO] journey: Journey events with  journey id 26 retrieved successfully.
2024-06-26 09:59:57,346 [INFO] journey: {'journey_id': 26}
2024-06-26 09:59:57,399 [INFO] journey: Journey events with  journey id 26 retrieved successfully.
2024-06-26 10:00:01,265 [INFO] journey: Journeys retrieved successfully.
2024-06-26 10:01:24,000 [INFO] journey: Journeys retrieved successfully.
2024-06-26 10:01:38,820 [INFO] journey: Journeys retrieved successfully.
2024-06-26 10:03:03,750 [INFO] journey: Journeys retrieved successfully.
2024-06-26 10:06:11,985 [INFO] journey: Journeys retrieved successfully.
2024-06-26 10:06:37,402 [INFO] journey: Journeys retrieved successfully.
2024-06-26 10:08:03,296 [INFO] journey: Journeys retrieved successfully.
2024-06-26 10:08:28,532 [INFO] journey: Journeys retrieved successfully.
2024-06-26 10:09:03,778 [INFO] journey: Journeys retrieved successfully.
2024-06-26 10:11:03,237 [INFO] journey: Journeys retrieved successfully.
2024-06-26 10:11:34,388 [INFO] journey: Journeys retrieved successfully.
2024-06-26 10:12:15,634 [INFO] journey: Journeys retrieved successfully.
2024-06-26 10:12:43,460 [INFO] journey: Journeys retrieved successfully.
2024-06-26 10:13:11,520 [INFO] journey: Journeys retrieved successfully.
2024-06-26 10:13:19,962 [INFO] journey: Journeys retrieved successfully.
2024-06-26 10:13:37,490 [INFO] journey: Journeys retrieved successfully.
2024-06-26 10:14:10,825 [INFO] journey: Journeys retrieved successfully.
2024-06-26 10:14:54,755 [INFO] journey: Journeys retrieved successfully.
2024-06-26 10:15:09,987 [INFO] journey: Journeys retrieved successfully.
2024-06-26 10:15:40,548 [INFO] journey: Journeys retrieved successfully.
2024-06-26 10:15:51,158 [INFO] journey: Journeys retrieved successfully.
2024-06-26 10:16:38,987 [INFO] journey: Journeys retrieved successfully.
2024-06-26 10:17:20,547 [INFO] journey: Journeys retrieved successfully.
2024-06-26 10:17:56,826 [INFO] journey: Journeys retrieved successfully.
2024-06-26 10:18:19,544 [INFO] journey: Journeys retrieved successfully.
2024-06-26 10:21:27,916 [INFO] journey: Journeys retrieved successfully.
2024-06-26 10:21:54,759 [INFO] journey: Journeys retrieved successfully.
2024-06-26 10:23:36,319 [INFO] journey: Journeys retrieved successfully.
2024-06-26 10:24:10,804 [INFO] journey: Journeys retrieved successfully.
2024-06-26 10:24:39,691 [INFO] journey: Journeys retrieved successfully.
2024-06-26 10:25:25,001 [INFO] journey: Journeys retrieved successfully.
2024-06-26 10:26:01,279 [INFO] journey: Journeys retrieved successfully.
2024-06-26 10:26:42,074 [INFO] journey: Journeys retrieved successfully.
2024-06-26 10:26:49,950 [INFO] journey: Journeys retrieved successfully.
2024-06-26 10:27:41,728 [INFO] journey: Journeys retrieved successfully.
2024-06-26 10:28:06,248 [INFO] journey: Journeys retrieved successfully.
2024-06-26 10:31:42,972 [INFO] journey: Journeys retrieved successfully.
2024-06-26 10:36:51,458 [INFO] journey: Journeys retrieved successfully.
2024-06-26 10:41:37,345 [INFO] journey: Journeys retrieved successfully.
2024-06-26 10:43:00,979 [INFO] journey: Journeys retrieved successfully.
2024-06-26 10:43:35,446 [INFO] journey: Journeys retrieved successfully.
2024-06-26 10:43:51,847 [INFO] journey: Journeys retrieved successfully.
2024-06-26 10:44:09,860 [INFO] journey: Journeys retrieved successfully.
2024-06-26 10:47:44,945 [INFO] journey: Journeys retrieved successfully.
2024-06-26 10:49:45,210 [INFO] journey: Journeys retrieved successfully.
2024-06-26 10:50:15,423 [INFO] journey: Journeys retrieved successfully.
2024-06-26 10:52:44,422 [INFO] journey: Journeys retrieved successfully.
2024-06-26 10:54:07,698 [INFO] journey: Journeys retrieved successfully.
2024-06-26 10:55:13,529 [INFO] journey: Journeys retrieved successfully.
2024-06-26 10:56:09,090 [INFO] journey: Journeys retrieved successfully.
2024-06-26 10:57:23,045 [INFO] journey: Journeys retrieved successfully.
2024-06-26 11:01:39,318 [INFO] journey: Journeys retrieved successfully.
2024-06-26 11:04:18,301 [INFO] journey: Journeys retrieved successfully.
2024-06-26 11:06:33,023 [INFO] journey: Journeys retrieved successfully.
2024-06-26 11:11:19,391 [INFO] journey: Journeys retrieved successfully.
2024-06-26 11:11:58,504 [INFO] journey: Journeys retrieved successfully.
2024-06-26 11:12:58,516 [INFO] journey: Journeys retrieved successfully.
2024-06-26 11:14:17,653 [INFO] journey: Journeys retrieved successfully.
2024-06-26 11:18:42,401 [INFO] journey: Journeys retrieved successfully.
2024-06-26 11:19:37,610 [INFO] journey: Journeys retrieved successfully.
2024-06-26 11:25:40,054 [INFO] journey: Journeys retrieved successfully.
2024-06-26 11:28:24,400 [INFO] journey: Journeys retrieved successfully.
2024-06-26 12:19:37,178 [INFO] journey: {'journey_id': 2}
2024-06-26 12:19:37,244 [INFO] journey: Journey events with  journey id 2 retrieved successfully.
2024-06-26 12:21:07,429 [INFO] journey: Journeys retrieved successfully.
2024-06-26 12:24:07,352 [INFO] journey: {'journey_id': 2}
2024-06-26 12:24:07,418 [INFO] journey: Journey events with  journey id 2 retrieved successfully.
2024-06-26 12:25:44,301 [INFO] journey: {'journey_id': 2}
2024-06-26 12:25:44,390 [INFO] journey: Journey events with  journey id 2 retrieved successfully.
2024-06-26 12:26:55,675 [INFO] journey: {'journey_id': 2}
2024-06-26 12:26:55,761 [INFO] journey: Journey events with  journey id 2 retrieved successfully.
2024-06-26 12:26:59,411 [INFO] journey: {'journey_id': 2}
2024-06-26 12:26:59,503 [INFO] journey: Journey events with  journey id 2 retrieved successfully.
2024-06-26 12:26:59,668 [INFO] journey: Journeys retrieved successfully.
2024-06-26 12:27:03,076 [INFO] journey: Journeys retrieved successfully.
2024-06-26 12:27:58,087 [INFO] journey: Journeys created successfully.
2024-06-26 12:27:58,952 [INFO] journey: {'journey_id': 27}
2024-06-26 12:27:59,019 [WARNING] journey: No journey events found for journey_id 27.
2024-06-26 12:28:39,584 [INFO] journey: Journey event is posted successfully.
2024-06-26 12:28:40,295 [INFO] journey: {'journey_id': 27}
2024-06-26 12:28:40,368 [INFO] journey: Journey events with  journey id 27 retrieved successfully.
2024-06-26 12:28:50,207 [INFO] journey: Journeys retrieved successfully.
2024-06-26 12:29:05,456 [WARNING] journey: Invalid data provided: {'non_field_errors': [ErrorDetail(string="Either 'immediately' or 'relative_time_period_interval' must be provided.", code='invalid')]}
2024-06-26 12:29:22,666 [INFO] journey: Journey event is posted successfully.
2024-06-26 12:29:23,466 [INFO] journey: {'journey_id': 27}
2024-06-26 12:29:23,525 [INFO] journey: Journey events with  journey id 27 retrieved successfully.
2024-06-26 12:33:52,474 [INFO] journey: Journeys retrieved successfully.
2024-06-26 12:40:14,712 [INFO] journey: Journeys retrieved successfully.
2024-06-26 12:41:00,944 [INFO] journey: Journeys retrieved successfully.
2024-06-26 12:41:20,545 [INFO] journey: Journeys retrieved successfully.
2024-06-26 12:47:33,303 [INFO] journey: Journeys retrieved successfully.
2024-06-26 12:57:09,997 [INFO] journey: Journeys retrieved successfully.
2024-06-26 12:58:36,432 [INFO] journey: Journeys retrieved successfully.
2024-06-26 13:03:31,836 [INFO] journey: Journeys retrieved successfully.
2024-06-26 13:05:47,891 [INFO] journey: Journeys retrieved successfully.
2024-06-26 13:06:30,959 [INFO] journey: Journeys retrieved successfully.
2024-06-26 13:07:58,074 [INFO] journey: Journeys retrieved successfully.
2024-06-26 13:13:31,930 [INFO] journey: Journeys retrieved successfully.
2024-06-26 13:13:58,193 [INFO] journey: Journeys retrieved successfully.
2024-06-26 13:18:26,977 [INFO] journey: Journeys retrieved successfully.
2024-06-26 13:18:53,349 [INFO] journey: Journeys retrieved successfully.
2024-06-26 13:22:32,242 [INFO] journey: Journeys retrieved successfully.
2024-06-26 13:24:07,924 [INFO] journey: Journeys retrieved successfully.
2024-06-26 13:28:18,177 [INFO] journey: Journeys retrieved successfully.
2024-06-26 13:31:44,876 [INFO] journey: Journeys retrieved successfully.
2024-06-26 13:33:56,090 [INFO] journey: Journeys retrieved successfully.
2024-06-26 13:42:19,973 [ERROR] journey: No JourneyEvents found for journey_id 1 and parent_id 4
2024-06-26 13:42:20,088 [ERROR] journey: No JourneyEvents found for journey_id 1 and parent_id 4
2024-06-26 13:42:20,588 [ERROR] journey: No next event found for journey_id 27 and parent_id 61
2024-06-26 13:42:20,882 [ERROR] journey: An error occurred while processing cancelled campaigns: (1048, "Column 'status_id' cannot be null")
2024-06-26 13:42:20,997 [ERROR] journey: An error occurred while processing cancelled campaigns: (1048, "Column 'status_id' cannot be null")
